Using pre-set license
Built from '2022.3/release' branch; Version is '2022.3.12f1 (4fe6e059c7ef) revision 5236448'; Using compiler version '192829333'; Build Type 'Release'
OS: 'Windows 11  (10.0.22631) 64bit Professional' Language: 'cs' Physical Memory: 32609 MB
BatchMode: 1, IsHumanControllingUs: 0, StartBugReporterOnCrash: 0, Is64bit: 1, IsPro: 1

COMMAND LINE ARGUMENTS:
C:\Program Files\Unity\Hub\Editor\2022.3.12f1\Editor\Unity.exe
-adb2
-batchMode
-noUpm
-name
AssetImportWorker10
-projectPath
C:/Users/rudad/OneDrive/Plocha/unity projekty/MARCH!/MARCH!
-logFile
Logs/AssetImportWorker10.log
-srvPort
50231
Successfully changed project path to: C:/Users/rudad/OneDrive/Plocha/unity projekty/MARCH!/MARCH!
C:/Users/rudad/OneDrive/Plocha/unity projekty/MARCH!/MARCH!
[UnityMemory] Configuration Parameters - Can be set up in boot.config
    "memorysetup-bucket-allocator-granularity=16"
    "memorysetup-bucket-allocator-bucket-count=8"
    "memorysetup-bucket-allocator-block-size=33554432"
    "memorysetup-bucket-allocator-block-count=8"
    "memorysetup-main-allocator-block-size=16777216"
    "memorysetup-thread-allocator-block-size=16777216"
    "memorysetup-gfx-main-allocator-block-size=16777216"
    "memorysetup-gfx-thread-allocator-block-size=16777216"
    "memorysetup-cache-allocator-block-size=4194304"
    "memorysetup-typetree-allocator-block-size=2097152"
    "memorysetup-profiler-bucket-allocator-granularity=16"
    "memorysetup-profiler-bucket-allocator-bucket-count=8"
    "memorysetup-profiler-bucket-allocator-block-size=33554432"
    "memorysetup-profiler-bucket-allocator-block-count=8"
    "memorysetup-profiler-allocator-block-size=16777216"
    "memorysetup-profiler-editor-allocator-block-size=1048576"
    "memorysetup-temp-allocator-size-main=16777216"
    "memorysetup-job-temp-allocator-block-size=2097152"
    "memorysetup-job-temp-allocator-block-size-background=1048576"
    "memorysetup-job-temp-allocator-reduction-small-platforms=262144"
    "memorysetup-allocator-temp-initial-block-size-main=262144"
    "memorysetup-allocator-temp-initial-block-size-worker=262144"
    "memorysetup-temp-allocator-size-background-worker=32768"
    "memorysetup-temp-allocator-size-job-worker=262144"
    "memorysetup-temp-allocator-size-preload-manager=33554432"
    "memorysetup-temp-allocator-size-nav-mesh-worker=65536"
    "memorysetup-temp-allocator-size-audio-worker=65536"
    "memorysetup-temp-allocator-size-cloud-worker=32768"
    "memorysetup-temp-allocator-size-gi-baking-worker=262144"
    "memorysetup-temp-allocator-size-gfx=262144"
Player connection [20140] Host "[IP] 10.0.1.16 [Port] 0 [Flags] 2 [Guid] 2542038791 [EditorId] 2542038791 [Version] 1048832 [Id] WindowsEditor(7,DESKTOP-E597BLD) [Debug] 1 [PackageName] WindowsEditor [ProjectName] Editor" joined multi-casting on [225.0.0.222:54997]...

Player connection [20140] Host "[IP] 10.0.1.16 [Port] 0 [Flags] 2 [Guid] 2542038791 [EditorId] 2542038791 [Version] 1048832 [Id] WindowsEditor(7,DESKTOP-E597BLD) [Debug] 1 [PackageName] WindowsEditor [ProjectName] Editor" joined alternative multi-casting on [225.0.0.222:34997]...

[Physics::Module] Initialized MultithreadedJobDispatcher with 19 workers.
Refreshing native plugins compatible for Editor in 6.86 ms, found 3 plugins.
Preloading 0 native plugins for Editor in 0.00 ms.
Initialize engine version: 2022.3.12f1 (4fe6e059c7ef)
[Subsystems] Discovering subsystems at path C:/Program Files/Unity/Hub/Editor/2022.3.12f1/Editor/Data/Resources/UnitySubsystems
[Subsystems] Discovering subsystems at path C:/Users/rudad/OneDrive/Plocha/unity projekty/MARCH!/MARCH!/Assets
GfxDevice: creating device client; threaded=0; jobified=0
Direct3D:
    Version:  Direct3D 11.0 [level 11.1]
    Renderer: NVIDIA GeForce RTX 3080 (ID=0x220a)
    Vendor:   NVIDIA
    VRAM:     12093 MB
    Driver:   32.0.15.6094
Initialize mono
Mono path[0] = 'C:/Program Files/Unity/Hub/Editor/2022.3.12f1/Editor/Data/Managed'
Mono path[1] = 'C:/Program Files/Unity/Hub/Editor/2022.3.12f1/Editor/Data/MonoBleedingEdge/lib/mono/unityjit-win32'
Mono config path = 'C:/Program Files/Unity/Hub/Editor/2022.3.12f1/Editor/Data/MonoBleedingEdge/etc'
Using monoOptions --debugger-agent=transport=dt_socket,embedding=1,server=y,suspend=n,address=127.0.0.1:56708
Begin MonoManager ReloadAssembly
Registering precompiled unity dll's ...
Register platform support module: C:/Program Files/Unity/Hub/Editor/2022.3.12f1/Editor/Data/PlaybackEngines/WindowsStandaloneSupport/UnityEditor.WindowsStandalone.Extensions.dll
Registered in 0.005247 seconds.
- Loaded All Assemblies, in  0.212 seconds
Native extension for WindowsStandalone target not found
Mono: successfully reloaded assembly
- Finished resetting the current domain, in  0.182 seconds
Domain Reload Profiling: 392ms
	BeginReloadAssembly (69ms)
		ExecutionOrderSort (0ms)
		DisableScriptedObjects (0ms)
		BackupInstance (0ms)
		ReleaseScriptingObjects (0ms)
		CreateAndSetChildDomain (0ms)
	RebuildCommonClasses (20ms)
	RebuildNativeTypeToScriptingClass (6ms)
	initialDomainReloadingComplete (37ms)
	LoadAllAssembliesAndSetupDomain (79ms)
		LoadAssemblies (67ms)
		RebuildTransferFunctionScriptingTraits (0ms)
		AnalyzeDomain (78ms)
			TypeCache.Refresh (77ms)
				TypeCache.ScanAssembly (68ms)
			ScanForSourceGeneratedMonoScriptInfo (0ms)
			ResolveRequiredComponents (0ms)
	FinalizeReload (182ms)
		ReleaseScriptCaches (0ms)
		RebuildScriptCaches (0ms)
		SetupLoadedEditorAssemblies (145ms)
			LogAssemblyErrors (0ms)
			InitializePlatformSupportModulesInManaged (6ms)
			SetLoadedEditorAssemblies (5ms)
			RefreshPlugins (0ms)
			BeforeProcessingInitializeOnLoad (1ms)
			ProcessInitializeOnLoadAttributes (92ms)
			ProcessInitializeOnLoadMethodAttributes (40ms)
			AfterProcessingInitializeOnLoad (0ms)
			EditorAssembliesLoaded (0ms)
		ExecutionOrderSort2 (0ms)
		AwakeInstancesAfterBackupRestoration (0ms)
========================================================================
Worker process is ready to serve import requests
Begin MonoManager ReloadAssembly
- Loaded All Assemblies, in  0.501 seconds
Refreshing native plugins compatible for Editor in 2.31 ms, found 3 plugins.
Native extension for WindowsStandalone target not found
Package Manager log level set to [2]
[Package Manager] Server::EnsureServerProcessIsRunning -- launch failed, reason: Unity was launched with the -noUpm command-line argument
[Package Manager] UpmClient::Send -- Unable to send message (not connected to UPM process).
[Package Manager] Cannot connect to Unity Package Manager local server
Mono: successfully reloaded assembly
- Finished resetting the current domain, in  0.395 seconds
Domain Reload Profiling: 894ms
	BeginReloadAssembly (122ms)
		ExecutionOrderSort (0ms)
		DisableScriptedObjects (4ms)
		BackupInstance (0ms)
		ReleaseScriptingObjects (0ms)
		CreateAndSetChildDomain (18ms)
	RebuildCommonClasses (28ms)
	RebuildNativeTypeToScriptingClass (6ms)
	initialDomainReloadingComplete (27ms)
	LoadAllAssembliesAndSetupDomain (316ms)
		LoadAssemblies (248ms)
		RebuildTransferFunctionScriptingTraits (0ms)
		AnalyzeDomain (138ms)
			TypeCache.Refresh (127ms)
				TypeCache.ScanAssembly (116ms)
			ScanForSourceGeneratedMonoScriptInfo (9ms)
			ResolveRequiredComponents (2ms)
	FinalizeReload (395ms)
		ReleaseScriptCaches (0ms)
		RebuildScriptCaches (0ms)
		SetupLoadedEditorAssemblies (302ms)
			LogAssemblyErrors (0ms)
			InitializePlatformSupportModulesInManaged (4ms)
			SetLoadedEditorAssemblies (3ms)
			RefreshPlugins (0ms)
			BeforeProcessingInitializeOnLoad (39ms)
			ProcessInitializeOnLoadAttributes (238ms)
			ProcessInitializeOnLoadMethodAttributes (13ms)
			AfterProcessingInitializeOnLoad (5ms)
			EditorAssembliesLoaded (0ms)
		ExecutionOrderSort2 (0ms)
		AwakeInstancesAfterBackupRestoration (6ms)
Launched and connected shader compiler UnityShaderCompiler.exe after 0.04 seconds
Refreshing native plugins compatible for Editor in 2.42 ms, found 3 plugins.
Preloading 0 native plugins for Editor in 0.00 ms.
Unloading 3092 Unused Serialized files (Serialized files now loaded: 0)
Unloading 32 unused Assets / (57.4 KB). Loaded Objects now: 3582.
Memory consumption went from 136.1 MB to 136.0 MB.
Total: 2.637400 ms (FindLiveObjects: 0.170500 ms CreateObjectMapping: 0.126800 ms MarkObjects: 2.252000 ms  DeleteObjects: 0.086800 ms)

AssetImportParameters requested are different than current active one (requested -> active):
  custom:container-demuxer-ogg: 62fdf1f143b41e24485cea50d1cbac27 -> 
  custom:video-decoder-ogg-theora: a1e56fd34408186e4bbccfd4996cb3dc -> 
  custom:framework-win-MediaFoundation: 216162199b28c13a410421893ffa2e32 -> 
  custom:CustomObjectIndexerAttribute: 756ad292c208cfabdd7b50bc23989ffe -> 
  custom:container-demuxer-webm: 4f35f7cbe854078d1ac9338744f61a02 -> 
  custom:container-muxer-webm: aa71ff27fc2769a1b78a27578f13a17b -> 
  custom:video-decoder-webm-vp8: 9c59270c3fd7afecdb556c50c9e8de78 -> 
  custom:SearchIndexIgnoredProperties: e643bd26f0fe6173181afceb89e7c659 -> 
  custom:AudioImporter_EditorPlatform: d09bf68614088b80899f8185d706f6e7 -> 
  custom:video-encoder-webm-vp8: eb34c28f22e8b96e1ab97ce403110664 -> 
  custom:audio-decoder-ogg-vorbis: bf7c407c2cedff20999df2af8eb42d56 -> 
  custom:audio-encoder-webm-vorbis: bf7c407c2cedff20999df2af8eb42d56 -> 
========================================================================
Received Import Request.
  Time since last request: 3927.431969 seconds.
  path: Assets/PolygonWar/Prefabs/Environments/SM_Env_Trench_Shallow_Steps_01.prefab
  artifactKey: Guid(593c06509a9053a4fa084caf88ddccd6) Importer(815301076,1909f56bfc062723c751e8b465ee728b)
Start importing Assets/PolygonWar/Prefabs/Environments/SM_Env_Trench_Shallow_Steps_01.prefab using Guid(593c06509a9053a4fa084caf88ddccd6) Importer(815301076,1909f56bfc062723c751e8b465ee728b)  -> (artifact id: '0289e2f2ce3fc65ff3a932c0ce8191dd') in 0.092011 seconds
Number of updated asset objects reloaded before import = 0
Number of asset objects unloaded after import = 10
========================================================================
Received Prepare
Begin MonoManager ReloadAssembly
- Loaded All Assemblies, in  0.303 seconds
Refreshing native plugins compatible for Editor in 2.67 ms, found 3 plugins.
Native extension for WindowsStandalone target not found
[Package Manager] Server::EnsureServerProcessIsRunning -- launch failed, reason: Unity was launched with the -noUpm command-line argument
[Package Manager] UpmClient::Send -- Unable to send message (not connected to UPM process).
[Package Manager] Cannot connect to Unity Package Manager local server
Mono: successfully reloaded assembly
- Finished resetting the current domain, in  0.610 seconds
Domain Reload Profiling: 910ms
	BeginReloadAssembly (111ms)
		ExecutionOrderSort (0ms)
		DisableScriptedObjects (2ms)
		BackupInstance (0ms)
		ReleaseScriptingObjects (0ms)
		CreateAndSetChildDomain (24ms)
	RebuildCommonClasses (30ms)
	RebuildNativeTypeToScriptingClass (7ms)
	initialDomainReloadingComplete (20ms)
	LoadAllAssembliesAndSetupDomain (133ms)
		LoadAssemblies (186ms)
		RebuildTransferFunctionScriptingTraits (0ms)
		AnalyzeDomain (7ms)
			TypeCache.Refresh (4ms)
				TypeCache.ScanAssembly (0ms)
			ScanForSourceGeneratedMonoScriptInfo (0ms)
			ResolveRequiredComponents (2ms)
	FinalizeReload (610ms)
		ReleaseScriptCaches (0ms)
		RebuildScriptCaches (0ms)
		SetupLoadedEditorAssemblies (307ms)
			LogAssemblyErrors (0ms)
			InitializePlatformSupportModulesInManaged (5ms)
			SetLoadedEditorAssemblies (3ms)
			RefreshPlugins (0ms)
			BeforeProcessingInitializeOnLoad (43ms)
			ProcessInitializeOnLoadAttributes (231ms)
			ProcessInitializeOnLoadMethodAttributes (18ms)
			AfterProcessingInitializeOnLoad (7ms)
			EditorAssembliesLoaded (0ms)
		ExecutionOrderSort2 (0ms)
		AwakeInstancesAfterBackupRestoration (8ms)
Refreshing native plugins compatible for Editor in 2.89 ms, found 3 plugins.
Preloading 0 native plugins for Editor in 0.00 ms.
Unloading 3083 Unused Serialized files (Serialized files now loaded: 0)
Unloading 23 unused Assets / (31.0 KB). Loaded Objects now: 3593.
Memory consumption went from 140.7 MB to 140.7 MB.
Total: 1.949600 ms (FindLiveObjects: 0.169500 ms CreateObjectMapping: 0.071400 ms MarkObjects: 1.671100 ms  DeleteObjects: 0.036400 ms)

Prepare: number of updated asset objects reloaded= 0
AssetImportParameters requested are different than current active one (requested -> active):
  custom:container-demuxer-ogg: 62fdf1f143b41e24485cea50d1cbac27 -> 
  custom:video-decoder-ogg-theora: a1e56fd34408186e4bbccfd4996cb3dc -> 
  custom:framework-win-MediaFoundation: 216162199b28c13a410421893ffa2e32 -> 
  custom:CustomObjectIndexerAttribute: 756ad292c208cfabdd7b50bc23989ffe -> 
  custom:container-demuxer-webm: 4f35f7cbe854078d1ac9338744f61a02 -> 
  custom:container-muxer-webm: aa71ff27fc2769a1b78a27578f13a17b -> 
  custom:video-decoder-webm-vp8: 9c59270c3fd7afecdb556c50c9e8de78 -> 
  custom:SearchIndexIgnoredProperties: e643bd26f0fe6173181afceb89e7c659 -> 
  custom:AudioImporter_EditorPlatform: d09bf68614088b80899f8185d706f6e7 -> 
  custom:video-encoder-webm-vp8: eb34c28f22e8b96e1ab97ce403110664 -> 
  custom:audio-decoder-ogg-vorbis: bf7c407c2cedff20999df2af8eb42d56 -> 
  custom:audio-encoder-webm-vorbis: bf7c407c2cedff20999df2af8eb42d56 -> 
========================================================================
Received Import Request.
  Time since last request: 1249.762492 seconds.
  path: Assets/PolygonWar/Textures
  artifactKey: Guid(60d554032e7b2b94c98abf0149766d89) Importer(815301076,1909f56bfc062723c751e8b465ee728b)
Start importing Assets/PolygonWar/Textures using Guid(60d554032e7b2b94c98abf0149766d89) Importer(815301076,1909f56bfc062723c751e8b465ee728b)  -> (artifact id: 'ed731c9f6ab6ebb5dc8cbe47329f0984') in 0.002753 seconds
Number of updated asset objects reloaded before import = 0
Number of asset objects unloaded after import = 0
========================================================================
Received Import Request.
  Time since last request: 0.051319 seconds.
  path: Assets/PolygonWar/Textures/German_Plane_Transport_Texture.png
  artifactKey: Guid(ebe055b0d99516841876b58c4e9e10a4) Importer(815301076,1909f56bfc062723c751e8b465ee728b)
Start importing Assets/PolygonWar/Textures/German_Plane_Transport_Texture.png using Guid(ebe055b0d99516841876b58c4e9e10a4) Importer(815301076,1909f56bfc062723c751e8b465ee728b)  -> (artifact id: '1b634a07cf521ce7cd2f8c9bd99daebb') in 0.036388 seconds
Number of updated asset objects reloaded before import = 0
Number of asset objects unloaded after import = 2
========================================================================
Received Import Request.
  Time since last request: 0.006067 seconds.
  path: Assets/PolygonWar/Textures/German_Vehicle_Texture.png
  artifactKey: Guid(668ac436a5078ea40a282f8510b08634) Importer(815301076,1909f56bfc062723c751e8b465ee728b)
Start importing Assets/PolygonWar/Textures/German_Vehicle_Texture.png using Guid(668ac436a5078ea40a282f8510b08634) Importer(815301076,1909f56bfc062723c751e8b465ee728b)  -> (artifact id: '80d81582ec7fb62e444196d2d85119e4') in 0.019101 seconds
Number of updated asset objects reloaded before import = 0
Number of asset objects unloaded after import = 2
========================================================================
Received Import Request.
  Time since last request: 0.000014 seconds.
  path: Assets/PolygonWar/Textures/Ship_Texture_02.png
  artifactKey: Guid(be0459b3806039f43b3e902fd5fc0fde) Importer(815301076,1909f56bfc062723c751e8b465ee728b)
Start importing Assets/PolygonWar/Textures/Ship_Texture_02.png using Guid(be0459b3806039f43b3e902fd5fc0fde) Importer(815301076,1909f56bfc062723c751e8b465ee728b)  -> (artifact id: 'dcdb1b6ff06237b3595e4cce7e955ee8') in 0.017936 seconds
Number of updated asset objects reloaded before import = 0
Number of asset objects unloaded after import = 2
========================================================================
Received Import Request.
  Time since last request: 0.000012 seconds.
  path: Assets/PolygonWar/Textures/PolygonWar_Texture_04_C.png
  artifactKey: Guid(91d2212752d7fd14aac62856f551e4cf) Importer(815301076,1909f56bfc062723c751e8b465ee728b)
Start importing Assets/PolygonWar/Textures/PolygonWar_Texture_04_C.png using Guid(91d2212752d7fd14aac62856f551e4cf) Importer(815301076,1909f56bfc062723c751e8b465ee728b)  -> (artifact id: '9268cadb7f8b5c6bbbed09034f20f566') in 0.010744 seconds
Number of updated asset objects reloaded before import = 0
Number of asset objects unloaded after import = 2
========================================================================
Received Import Request.
  Time since last request: 0.000033 seconds.
  path: Assets/PolygonWar/Textures/German_Vehicle_Texture_01.png
  artifactKey: Guid(e6e6e9889e4e029478626c375f75d449) Importer(815301076,1909f56bfc062723c751e8b465ee728b)
Start importing Assets/PolygonWar/Textures/German_Vehicle_Texture_01.png using Guid(e6e6e9889e4e029478626c375f75d449) Importer(815301076,1909f56bfc062723c751e8b465ee728b)  -> (artifact id: '3570ac967d10cbbe8073b18971b2b432') in 0.009306 seconds
Number of updated asset objects reloaded before import = 0
Number of asset objects unloaded after import = 2
========================================================================
Received Import Request.
  Time since last request: 0.000011 seconds.
  path: Assets/PolygonWar/Textures/German_Vehicle_Texture_02.png
  artifactKey: Guid(5cdfb8390bd096443a9833d90c74e3bb) Importer(815301076,1909f56bfc062723c751e8b465ee728b)
Start importing Assets/PolygonWar/Textures/German_Vehicle_Texture_02.png using Guid(5cdfb8390bd096443a9833d90c74e3bb) Importer(815301076,1909f56bfc062723c751e8b465ee728b)  -> (artifact id: 'af70cd2bacfc4146fdc638999ce3ec6e') in 0.010882 seconds
Number of updated asset objects reloaded before import = 0
Number of asset objects unloaded after import = 2
========================================================================
Received Import Request.
  Time since last request: 0.000011 seconds.
  path: Assets/PolygonWar/Textures/Parachute_Texture_Background.png
  artifactKey: Guid(1cc293d673595ab4f9575458a9aaf1e6) Importer(815301076,1909f56bfc062723c751e8b465ee728b)
Start importing Assets/PolygonWar/Textures/Parachute_Texture_Background.png using Guid(1cc293d673595ab4f9575458a9aaf1e6) Importer(815301076,1909f56bfc062723c751e8b465ee728b)  -> (artifact id: 'a915084e57305c8cf1aadaf5e65cf794') in 0.008673 seconds
Number of updated asset objects reloaded before import = 0
Number of asset objects unloaded after import = 2
========================================================================
Received Import Request.
  Time since last request: 0.000015 seconds.
  path: Assets/PolygonWar/Textures/PolygonWar_Texture_02_B.png
  artifactKey: Guid(986ae65e8e62455499359ac58e3fbe01) Importer(815301076,1909f56bfc062723c751e8b465ee728b)
Start importing Assets/PolygonWar/Textures/PolygonWar_Texture_02_B.png using Guid(986ae65e8e62455499359ac58e3fbe01) Importer(815301076,1909f56bfc062723c751e8b465ee728b)  -> (artifact id: '7331ce193d7ca4ed37ab5742389273b3') in 0.010763 seconds
Number of updated asset objects reloaded before import = 0
Number of asset objects unloaded after import = 2
========================================================================
Received Import Request.
  Time since last request: 0.000019 seconds.
  path: Assets/PolygonWar/Textures/Netting_Texture.tga
  artifactKey: Guid(3b36794d3bf734f46ab98d208a9f840f) Importer(815301076,1909f56bfc062723c751e8b465ee728b)
Start importing Assets/PolygonWar/Textures/Netting_Texture.tga using Guid(3b36794d3bf734f46ab98d208a9f840f) Importer(815301076,1909f56bfc062723c751e8b465ee728b)  -> (artifact id: '11d94f0210228f1a1f5b95f4c224210b') in 0.010669 seconds
Number of updated asset objects reloaded before import = 0
Number of asset objects unloaded after import = 2
========================================================================
Received Import Request.
  Time since last request: 0.000010 seconds.
  path: Assets/PolygonWar/Textures/PolygonWar_Texture_03_A.png
  artifactKey: Guid(de31949a7e8d3bd4ab686843c3d7580f) Importer(815301076,1909f56bfc062723c751e8b465ee728b)
Start importing Assets/PolygonWar/Textures/PolygonWar_Texture_03_A.png using Guid(de31949a7e8d3bd4ab686843c3d7580f) Importer(815301076,1909f56bfc062723c751e8b465ee728b)  -> (artifact id: '235c068e578339e581af58b015b38cd4') in 0.009548 seconds
Number of updated asset objects reloaded before import = 0
Number of asset objects unloaded after import = 2
========================================================================
Received Import Request.
  Time since last request: 0.000013 seconds.
  path: Assets/PolygonWar/Textures/PolygonWar_Texture_03_C.png
  artifactKey: Guid(a6cf4dd0160581c4bbcc4725eb6e6c88) Importer(815301076,1909f56bfc062723c751e8b465ee728b)
Start importing Assets/PolygonWar/Textures/PolygonWar_Texture_03_C.png using Guid(a6cf4dd0160581c4bbcc4725eb6e6c88) Importer(815301076,1909f56bfc062723c751e8b465ee728b)  -> (artifact id: 'af27d54b0b05598cab04675b95c3055e') in 0.010892 seconds
Number of updated asset objects reloaded before import = 0
Number of asset objects unloaded after import = 2
========================================================================
Received Import Request.
  Time since last request: 0.000012 seconds.
  path: Assets/PolygonWar/Textures/Ship_Texture_03.png
  artifactKey: Guid(3bbb4832174d15e459fff0ff76743c9f) Importer(815301076,1909f56bfc062723c751e8b465ee728b)
Start importing Assets/PolygonWar/Textures/Ship_Texture_03.png using Guid(3bbb4832174d15e459fff0ff76743c9f) Importer(815301076,1909f56bfc062723c751e8b465ee728b)  -> (artifact id: '455765648c34786248d8b3381eb1c5a9') in 0.016979 seconds
Number of updated asset objects reloaded before import = 0
Number of asset objects unloaded after import = 2
========================================================================
Received Import Request.
  Time since last request: 0.000012 seconds.
  path: Assets/PolygonWar/Textures/German_Vehicle_Texture_01_Damaged.png
  artifactKey: Guid(6d5804c8ea34591459fe781a4eb5faa2) Importer(815301076,1909f56bfc062723c751e8b465ee728b)
Start importing Assets/PolygonWar/Textures/German_Vehicle_Texture_01_Damaged.png using Guid(6d5804c8ea34591459fe781a4eb5faa2) Importer(815301076,1909f56bfc062723c751e8b465ee728b)  -> (artifact id: 'd57fc8ab925d9ea6b3ff62f81b76cdad') in 0.017438 seconds
Number of updated asset objects reloaded before import = 0
Number of asset objects unloaded after import = 2
========================================================================
Received Import Request.
  Time since last request: 0.000015 seconds.
  path: Assets/PolygonWar/Textures/PolygonWar_Texture_02_A.png
  artifactKey: Guid(56a1fcc19312a044aae3c0e9012d2045) Importer(815301076,1909f56bfc062723c751e8b465ee728b)
Start importing Assets/PolygonWar/Textures/PolygonWar_Texture_02_A.png using Guid(56a1fcc19312a044aae3c0e9012d2045) Importer(815301076,1909f56bfc062723c751e8b465ee728b)  -> (artifact id: '88c0d8b92138c9692bf5bf31cb164351') in 0.011075 seconds
Number of updated asset objects reloaded before import = 0
Number of asset objects unloaded after import = 2
========================================================================
Received Import Request.
  Time since last request: 0.000017 seconds.
  path: Assets/PolygonWar/Textures/German_Vehicle_Texture_04.png
  artifactKey: Guid(55148ab870420fd4a886be468527a31a) Importer(815301076,1909f56bfc062723c751e8b465ee728b)
Start importing Assets/PolygonWar/Textures/German_Vehicle_Texture_04.png using Guid(55148ab870420fd4a886be468527a31a) Importer(815301076,1909f56bfc062723c751e8b465ee728b)  -> (artifact id: '360ade256ab14bf7c0ba96ca43097fce') in 0.010354 seconds
Number of updated asset objects reloaded before import = 0
Number of asset objects unloaded after import = 2
========================================================================
Received Import Request.
  Time since last request: 0.000011 seconds.
  path: Assets/PolygonWar/Textures/PolygonWar_Texture_02_C.png
  artifactKey: Guid(aa1ebb00db6ba7b4e8c2d5bf2505cf23) Importer(815301076,1909f56bfc062723c751e8b465ee728b)
Start importing Assets/PolygonWar/Textures/PolygonWar_Texture_02_C.png using Guid(aa1ebb00db6ba7b4e8c2d5bf2505cf23) Importer(815301076,1909f56bfc062723c751e8b465ee728b)  -> (artifact id: 'cd378a90b1e28244da530368449a58a6') in 0.009281 seconds
Number of updated asset objects reloaded before import = 0
Number of asset objects unloaded after import = 2
========================================================================
Received Import Request.
  Time since last request: 0.000011 seconds.
  path: Assets/PolygonWar/Textures/PolygonWar_PostersSignsFlags_02.png
  artifactKey: Guid(973e35cbf0a20f14ab8aaf889c971814) Importer(815301076,1909f56bfc062723c751e8b465ee728b)
Start importing Assets/PolygonWar/Textures/PolygonWar_PostersSignsFlags_02.png using Guid(973e35cbf0a20f14ab8aaf889c971814) Importer(815301076,1909f56bfc062723c751e8b465ee728b)  -> (artifact id: '6fa5481f5bda36ee37f406bbe4252a0b') in 0.012323 seconds
Number of updated asset objects reloaded before import = 0
Number of asset objects unloaded after import = 2
========================================================================
Received Import Request.
  Time since last request: 0.000027 seconds.
  path: Assets/PolygonWar/Textures/Rubble.png
  artifactKey: Guid(2f57b703526cd6c46a6a2a991cdc8d69) Importer(815301076,1909f56bfc062723c751e8b465ee728b)
Start importing Assets/PolygonWar/Textures/Rubble.png using Guid(2f57b703526cd6c46a6a2a991cdc8d69) Importer(815301076,1909f56bfc062723c751e8b465ee728b)  -> (artifact id: 'fbe807c62f82c4847ff959f615accd25') in 0.010392 seconds
Number of updated asset objects reloaded before import = 0
Number of asset objects unloaded after import = 2
========================================================================
Received Import Request.
  Time since last request: 54.471645 seconds.
  path: Assets/ww1Prefabs/Prefabs/Environment/SM_Env_Trench_Deep_Straight_Dugout_01.prefab
  artifactKey: Guid(60483540761098b41ab8a1331e018fb5) Importer(815301076,1909f56bfc062723c751e8b465ee728b)
Start importing Assets/ww1Prefabs/Prefabs/Environment/SM_Env_Trench_Deep_Straight_Dugout_01.prefab using Guid(60483540761098b41ab8a1331e018fb5) Importer(815301076,1909f56bfc062723c751e8b465ee728b)  -> (artifact id: '9a2f116bc6835ba7855736584eea49d8') in 0.046465 seconds
Number of updated asset objects reloaded before import = 0
Number of asset objects unloaded after import = 10
========================================================================
Received Import Request.
  Time since last request: 0.000015 seconds.
  path: Assets/ww1Prefabs/Prefabs/Environment/SM_Env_Trench_Deep_Transition_02.prefab
  artifactKey: Guid(6a3fc6a9937565d4c8202dc81bc7708e) Importer(815301076,1909f56bfc062723c751e8b465ee728b)
Start importing Assets/ww1Prefabs/Prefabs/Environment/SM_Env_Trench_Deep_Transition_02.prefab using Guid(6a3fc6a9937565d4c8202dc81bc7708e) Importer(815301076,1909f56bfc062723c751e8b465ee728b)  -> (artifact id: 'cea496b1dd9a67208378bb53282d4749') in 0.011132 seconds
Number of updated asset objects reloaded before import = 0
Number of asset objects unloaded after import = 10
========================================================================
Received Import Request.
  Time since last request: 0.000013 seconds.
  path: Assets/ww1Prefabs/Prefabs/Environment/SM_Env_Trench_Deep_Straight_Insert_02_Dirt.prefab
  artifactKey: Guid(ac4d900370e573441af9c475476b8aa0) Importer(815301076,1909f56bfc062723c751e8b465ee728b)
Start importing Assets/ww1Prefabs/Prefabs/Environment/SM_Env_Trench_Deep_Straight_Insert_02_Dirt.prefab using Guid(ac4d900370e573441af9c475476b8aa0) Importer(815301076,1909f56bfc062723c751e8b465ee728b)  -> (artifact id: '1eb4fdfc7a7db64ed7799c2f69722a4c') in 0.016324 seconds
Number of updated asset objects reloaded before import = 0
Number of asset objects unloaded after import = 10
========================================================================
Received Import Request.
  Time since last request: 0.000023 seconds.
  path: Assets/ww1Prefabs/Prefabs/Environment/SM_Env_Trench_Dirt_01.prefab
  artifactKey: Guid(f9870aa6a855c2543885c5b3f9ad0448) Importer(815301076,1909f56bfc062723c751e8b465ee728b)
Start importing Assets/ww1Prefabs/Prefabs/Environment/SM_Env_Trench_Dirt_01.prefab using Guid(f9870aa6a855c2543885c5b3f9ad0448) Importer(815301076,1909f56bfc062723c751e8b465ee728b)  -> (artifact id: 'b1f7e8fc430149b62d02fc876e8690e2') in 0.019974 seconds
Number of updated asset objects reloaded before import = 0
Number of asset objects unloaded after import = 10
========================================================================
Received Import Request.
  Time since last request: 0.000014 seconds.
  path: Assets/ww1Prefabs/Prefabs/Environment/SM_Env_Trench_Deep_Transition_01.prefab
  artifactKey: Guid(cb5334d2415ea9b47817fbf906051a00) Importer(815301076,1909f56bfc062723c751e8b465ee728b)
Start importing Assets/ww1Prefabs/Prefabs/Environment/SM_Env_Trench_Deep_Transition_01.prefab using Guid(cb5334d2415ea9b47817fbf906051a00) Importer(815301076,1909f56bfc062723c751e8b465ee728b)  -> (artifact id: '854208e8a112434942c261c1ba6ca94b') in 0.018781 seconds
Number of updated asset objects reloaded before import = 0
Number of asset objects unloaded after import = 10
========================================================================
Received Import Request.
  Time since last request: 1.804652 seconds.
  path: Assets/ww1Prefabs/Prefabs/Environment/SM_Env_Trench_Deep_Straight_Dugout_01.prefab
  artifactKey: Guid(60483540761098b41ab8a1331e018fb5) Importer(815301076,1909f56bfc062723c751e8b465ee728b)
Start importing Assets/ww1Prefabs/Prefabs/Environment/SM_Env_Trench_Deep_Straight_Dugout_01.prefab using Guid(60483540761098b41ab8a1331e018fb5) Importer(815301076,1909f56bfc062723c751e8b465ee728b)  -> (artifact id: '1b949b43f8732afd66a8e95b3b365a1d') in 0.009367 seconds
Number of updated asset objects reloaded before import = 0
Number of asset objects unloaded after import = 10
========================================================================
Received Import Request.
  Time since last request: 0.000013 seconds.
  path: Assets/ww1Prefabs/Prefabs/Environment/SM_Env_Trench_Deep_Straight_Insert_02_Dirt.prefab
  artifactKey: Guid(ac4d900370e573441af9c475476b8aa0) Importer(815301076,1909f56bfc062723c751e8b465ee728b)
Start importing Assets/ww1Prefabs/Prefabs/Environment/SM_Env_Trench_Deep_Straight_Insert_02_Dirt.prefab using Guid(ac4d900370e573441af9c475476b8aa0) Importer(815301076,1909f56bfc062723c751e8b465ee728b)  -> (artifact id: 'c76eef70eac792a379c92f52ccfb6cfe') in 0.008765 seconds
Number of updated asset objects reloaded before import = 0
Number of asset objects unloaded after import = 10
========================================================================
Received Import Request.
  Time since last request: 1.993522 seconds.
  path: Assets/ww1Prefabs/Prefabs/Environment/SM_Env_Trench_Deep_Straight_Dugout_01.prefab
  artifactKey: Guid(60483540761098b41ab8a1331e018fb5) Importer(815301076,1909f56bfc062723c751e8b465ee728b)
Start importing Assets/ww1Prefabs/Prefabs/Environment/SM_Env_Trench_Deep_Straight_Dugout_01.prefab using Guid(60483540761098b41ab8a1331e018fb5) Importer(815301076,1909f56bfc062723c751e8b465ee728b)  -> (artifact id: 'cce9a7ff28802d674bf8381d25cc6110') in 0.011357 seconds
Number of updated asset objects reloaded before import = 0
Number of asset objects unloaded after import = 10
========================================================================
Received Import Request.
  Time since last request: 0.000013 seconds.
  path: Assets/ww1Prefabs/Prefabs/Environment/SM_Env_Trench_Deep_Transition_02.prefab
  artifactKey: Guid(6a3fc6a9937565d4c8202dc81bc7708e) Importer(815301076,1909f56bfc062723c751e8b465ee728b)
Start importing Assets/ww1Prefabs/Prefabs/Environment/SM_Env_Trench_Deep_Transition_02.prefab using Guid(6a3fc6a9937565d4c8202dc81bc7708e) Importer(815301076,1909f56bfc062723c751e8b465ee728b)  -> (artifact id: '9dd886a1d10d109217dced09f491c9ef') in 0.007724 seconds
Number of updated asset objects reloaded before import = 0
Number of asset objects unloaded after import = 10
========================================================================
Received Import Request.
  Time since last request: 0.000032 seconds.
  path: Assets/ww1Prefabs/Prefabs/Environment/SM_Env_Trench_Deep_Transition_01.prefab
  artifactKey: Guid(cb5334d2415ea9b47817fbf906051a00) Importer(815301076,1909f56bfc062723c751e8b465ee728b)
Start importing Assets/ww1Prefabs/Prefabs/Environment/SM_Env_Trench_Deep_Transition_01.prefab using Guid(cb5334d2415ea9b47817fbf906051a00) Importer(815301076,1909f56bfc062723c751e8b465ee728b)  -> (artifact id: 'b4d4824c4d8daf3d2597f44f35ebd683') in 0.011014 seconds
Number of updated asset objects reloaded before import = 0
Number of asset objects unloaded after import = 10
Editor requested this worker to shutdown with reason: Scaling down because of idle timeout
TcpMessagingSession - receive error: operation aborted. errorcode: 995, details: Vstupne-výstupní operace byla prerušena bud z duvodu ukoncení vlákna, nebo na žádost aplikace.
AssetImportWorker is now disconnected from the server
Process exiting
Exiting without the bug reporter. Application will terminate with return code 0