Using pre-set license
Built from '2022.3/release' branch; Version is '2022.3.12f1 (4fe6e059c7ef) revision 5236448'; Using compiler version '192829333'; Build Type 'Release'
OS: 'Windows 11  (10.0.22631) 64bit Professional' Language: 'cs' Physical Memory: 32609 MB
BatchMode: 1, IsHumanControllingUs: 0, StartBugReporterOnCrash: 0, Is64bit: 1, IsPro: 1

COMMAND LINE ARGUMENTS:
C:\Program Files\Unity\Hub\Editor\2022.3.12f1\Editor\Unity.exe
-adb2
-batchMode
-noUpm
-name
AssetImportWorker12
-projectPath
C:/Users/rudad/OneDrive/Plocha/unity projekty/MARCH!/MARCH!
-logFile
Logs/AssetImportWorker12.log
-srvPort
50231
Successfully changed project path to: C:/Users/rudad/OneDrive/Plocha/unity projekty/MARCH!/MARCH!
C:/Users/rudad/OneDrive/Plocha/unity projekty/MARCH!/MARCH!
[UnityMemory] Configuration Parameters - Can be set up in boot.config
    "memorysetup-bucket-allocator-granularity=16"
    "memorysetup-bucket-allocator-bucket-count=8"
    "memorysetup-bucket-allocator-block-size=33554432"
    "memorysetup-bucket-allocator-block-count=8"
    "memorysetup-main-allocator-block-size=16777216"
    "memorysetup-thread-allocator-block-size=16777216"
    "memorysetup-gfx-main-allocator-block-size=16777216"
    "memorysetup-gfx-thread-allocator-block-size=16777216"
    "memorysetup-cache-allocator-block-size=4194304"
    "memorysetup-typetree-allocator-block-size=2097152"
    "memorysetup-profiler-bucket-allocator-granularity=16"
    "memorysetup-profiler-bucket-allocator-bucket-count=8"
    "memorysetup-profiler-bucket-allocator-block-size=33554432"
    "memorysetup-profiler-bucket-allocator-block-count=8"
    "memorysetup-profiler-allocator-block-size=16777216"
    "memorysetup-profiler-editor-allocator-block-size=1048576"
    "memorysetup-temp-allocator-size-main=16777216"
    "memorysetup-job-temp-allocator-block-size=2097152"
    "memorysetup-job-temp-allocator-block-size-background=1048576"
    "memorysetup-job-temp-allocator-reduction-small-platforms=262144"
    "memorysetup-allocator-temp-initial-block-size-main=262144"
    "memorysetup-allocator-temp-initial-block-size-worker=262144"
    "memorysetup-temp-allocator-size-background-worker=32768"
    "memorysetup-temp-allocator-size-job-worker=262144"
    "memorysetup-temp-allocator-size-preload-manager=33554432"
    "memorysetup-temp-allocator-size-nav-mesh-worker=65536"
    "memorysetup-temp-allocator-size-audio-worker=65536"
    "memorysetup-temp-allocator-size-cloud-worker=32768"
    "memorysetup-temp-allocator-size-gi-baking-worker=262144"
    "memorysetup-temp-allocator-size-gfx=262144"
Player connection [16992] Host "[IP] 10.0.1.16 [Port] 0 [Flags] 2 [Guid] 35049404 [EditorId] 35049404 [Version] 1048832 [Id] WindowsEditor(7,DESKTOP-E597BLD) [Debug] 1 [PackageName] WindowsEditor [ProjectName] Editor" joined multi-casting on [225.0.0.222:54997]...

Player connection [16992] Host "[IP] 10.0.1.16 [Port] 0 [Flags] 2 [Guid] 35049404 [EditorId] 35049404 [Version] 1048832 [Id] WindowsEditor(7,DESKTOP-E597BLD) [Debug] 1 [PackageName] WindowsEditor [ProjectName] Editor" joined alternative multi-casting on [225.0.0.222:34997]...

[Physics::Module] Initialized MultithreadedJobDispatcher with 19 workers.
Refreshing native plugins compatible for Editor in 7.12 ms, found 3 plugins.
Preloading 0 native plugins for Editor in 0.00 ms.
Initialize engine version: 2022.3.12f1 (4fe6e059c7ef)
[Subsystems] Discovering subsystems at path C:/Program Files/Unity/Hub/Editor/2022.3.12f1/Editor/Data/Resources/UnitySubsystems
[Subsystems] Discovering subsystems at path C:/Users/rudad/OneDrive/Plocha/unity projekty/MARCH!/MARCH!/Assets
GfxDevice: creating device client; threaded=0; jobified=0
Direct3D:
    Version:  Direct3D 11.0 [level 11.1]
    Renderer: NVIDIA GeForce RTX 3080 (ID=0x220a)
    Vendor:   NVIDIA
    VRAM:     12093 MB
    Driver:   32.0.15.6094
Initialize mono
Mono path[0] = 'C:/Program Files/Unity/Hub/Editor/2022.3.12f1/Editor/Data/Managed'
Mono path[1] = 'C:/Program Files/Unity/Hub/Editor/2022.3.12f1/Editor/Data/MonoBleedingEdge/lib/mono/unityjit-win32'
Mono config path = 'C:/Program Files/Unity/Hub/Editor/2022.3.12f1/Editor/Data/MonoBleedingEdge/etc'
Using monoOptions --debugger-agent=transport=dt_socket,embedding=1,server=y,suspend=n,address=127.0.0.1:56664
Begin MonoManager ReloadAssembly
Registering precompiled unity dll's ...
Register platform support module: C:/Program Files/Unity/Hub/Editor/2022.3.12f1/Editor/Data/PlaybackEngines/WindowsStandaloneSupport/UnityEditor.WindowsStandalone.Extensions.dll
Registered in 0.006035 seconds.
- Loaded All Assemblies, in  0.226 seconds
Native extension for WindowsStandalone target not found
Mono: successfully reloaded assembly
- Finished resetting the current domain, in  0.159 seconds
Domain Reload Profiling: 385ms
	BeginReloadAssembly (72ms)
		ExecutionOrderSort (0ms)
		DisableScriptedObjects (0ms)
		BackupInstance (0ms)
		ReleaseScriptingObjects (0ms)
		CreateAndSetChildDomain (1ms)
	RebuildCommonClasses (21ms)
	RebuildNativeTypeToScriptingClass (6ms)
	initialDomainReloadingComplete (39ms)
	LoadAllAssembliesAndSetupDomain (86ms)
		LoadAssemblies (70ms)
		RebuildTransferFunctionScriptingTraits (0ms)
		AnalyzeDomain (85ms)
			TypeCache.Refresh (84ms)
				TypeCache.ScanAssembly (75ms)
			ScanForSourceGeneratedMonoScriptInfo (0ms)
			ResolveRequiredComponents (0ms)
	FinalizeReload (160ms)
		ReleaseScriptCaches (0ms)
		RebuildScriptCaches (0ms)
		SetupLoadedEditorAssemblies (123ms)
			LogAssemblyErrors (0ms)
			InitializePlatformSupportModulesInManaged (6ms)
			SetLoadedEditorAssemblies (5ms)
			RefreshPlugins (0ms)
			BeforeProcessingInitializeOnLoad (1ms)
			ProcessInitializeOnLoadAttributes (79ms)
			ProcessInitializeOnLoadMethodAttributes (31ms)
			AfterProcessingInitializeOnLoad (0ms)
			EditorAssembliesLoaded (0ms)
		ExecutionOrderSort2 (0ms)
		AwakeInstancesAfterBackupRestoration (0ms)
========================================================================
Worker process is ready to serve import requests
Begin MonoManager ReloadAssembly
- Loaded All Assemblies, in  0.499 seconds
Refreshing native plugins compatible for Editor in 2.20 ms, found 3 plugins.
Native extension for WindowsStandalone target not found
Package Manager log level set to [2]
[Package Manager] Server::EnsureServerProcessIsRunning -- launch failed, reason: Unity was launched with the -noUpm command-line argument
[Package Manager] UpmClient::Send -- Unable to send message (not connected to UPM process).
[Package Manager] Cannot connect to Unity Package Manager local server
Mono: successfully reloaded assembly
- Finished resetting the current domain, in  0.405 seconds
Domain Reload Profiling: 901ms
	BeginReloadAssembly (106ms)
		ExecutionOrderSort (0ms)
		DisableScriptedObjects (3ms)
		BackupInstance (0ms)
		ReleaseScriptingObjects (0ms)
		CreateAndSetChildDomain (15ms)
	RebuildCommonClasses (19ms)
	RebuildNativeTypeToScriptingClass (6ms)
	initialDomainReloadingComplete (29ms)
	LoadAllAssembliesAndSetupDomain (335ms)
		LoadAssemblies (247ms)
		RebuildTransferFunctionScriptingTraits (0ms)
		AnalyzeDomain (147ms)
			TypeCache.Refresh (134ms)
				TypeCache.ScanAssembly (121ms)
			ScanForSourceGeneratedMonoScriptInfo (10ms)
			ResolveRequiredComponents (2ms)
	FinalizeReload (405ms)
		ReleaseScriptCaches (0ms)
		RebuildScriptCaches (0ms)
		SetupLoadedEditorAssemblies (304ms)
			LogAssemblyErrors (0ms)
			InitializePlatformSupportModulesInManaged (4ms)
			SetLoadedEditorAssemblies (3ms)
			RefreshPlugins (0ms)
			BeforeProcessingInitializeOnLoad (38ms)
			ProcessInitializeOnLoadAttributes (239ms)
			ProcessInitializeOnLoadMethodAttributes (13ms)
			AfterProcessingInitializeOnLoad (6ms)
			EditorAssembliesLoaded (0ms)
		ExecutionOrderSort2 (0ms)
		AwakeInstancesAfterBackupRestoration (8ms)
Launched and connected shader compiler UnityShaderCompiler.exe after 0.04 seconds
Refreshing native plugins compatible for Editor in 3.89 ms, found 3 plugins.
Preloading 0 native plugins for Editor in 0.00 ms.
Unloading 3092 Unused Serialized files (Serialized files now loaded: 0)
Unloading 32 unused Assets / (57.3 KB). Loaded Objects now: 3582.
Memory consumption went from 136.1 MB to 136.0 MB.
Total: 3.182400 ms (FindLiveObjects: 0.433400 ms CreateObjectMapping: 0.116200 ms MarkObjects: 2.519000 ms  DeleteObjects: 0.112300 ms)

AssetImportParameters requested are different than current active one (requested -> active):
  custom:container-demuxer-ogg: 62fdf1f143b41e24485cea50d1cbac27 -> 
  custom:video-decoder-ogg-theora: a1e56fd34408186e4bbccfd4996cb3dc -> 
  custom:framework-win-MediaFoundation: 216162199b28c13a410421893ffa2e32 -> 
  custom:CustomObjectIndexerAttribute: 756ad292c208cfabdd7b50bc23989ffe -> 
  custom:container-demuxer-webm: 4f35f7cbe854078d1ac9338744f61a02 -> 
  custom:container-muxer-webm: aa71ff27fc2769a1b78a27578f13a17b -> 
  custom:video-decoder-webm-vp8: 9c59270c3fd7afecdb556c50c9e8de78 -> 
  custom:SearchIndexIgnoredProperties: e643bd26f0fe6173181afceb89e7c659 -> 
  custom:AudioImporter_EditorPlatform: d09bf68614088b80899f8185d706f6e7 -> 
  custom:video-encoder-webm-vp8: eb34c28f22e8b96e1ab97ce403110664 -> 
  custom:audio-decoder-ogg-vorbis: bf7c407c2cedff20999df2af8eb42d56 -> 
  custom:audio-encoder-webm-vorbis: bf7c407c2cedff20999df2af8eb42d56 -> 
========================================================================
Received Import Request.
  Time since last request: 5232.078214 seconds.
  path: Assets/ww1Prefabs/Prefabs/Environment/SM_Env_Trench_Deep_Straight_Crater_01.prefab
  artifactKey: Guid(232dc32bdc1f98c43959c6e07e53e081) Importer(815301076,1909f56bfc062723c751e8b465ee728b)
Start importing Assets/ww1Prefabs/Prefabs/Environment/SM_Env_Trench_Deep_Straight_Crater_01.prefab using Guid(232dc32bdc1f98c43959c6e07e53e081) Importer(815301076,1909f56bfc062723c751e8b465ee728b)  -> (artifact id: '585ac4abcf1cdafd22bee4fde6635e2e') in 0.106767 seconds
Number of updated asset objects reloaded before import = 0
Number of asset objects unloaded after import = 10
========================================================================
Received Import Request.
  Time since last request: 0.000015 seconds.
  path: Assets/ww1Prefabs/Prefabs/Environment/SM_Env_Trench_Deep_Straight_Insert_02.prefab
  artifactKey: Guid(09c5f2290ea9ba748b51c512e7c1a41f) Importer(815301076,1909f56bfc062723c751e8b465ee728b)
Start importing Assets/ww1Prefabs/Prefabs/Environment/SM_Env_Trench_Deep_Straight_Insert_02.prefab using Guid(09c5f2290ea9ba748b51c512e7c1a41f) Importer(815301076,1909f56bfc062723c751e8b465ee728b)  -> (artifact id: '7b1e61e9103d53d23f6c005af91d22a6') in 0.023218 seconds
Number of updated asset objects reloaded before import = 0
Number of asset objects unloaded after import = 10
========================================================================
Received Import Request.
  Time since last request: 1.787738 seconds.
  path: Assets/ww1Prefabs/Prefabs/Environment/SM_Env_Trench_Deep_Straight_Crater_01.prefab
  artifactKey: Guid(232dc32bdc1f98c43959c6e07e53e081) Importer(815301076,1909f56bfc062723c751e8b465ee728b)
Start importing Assets/ww1Prefabs/Prefabs/Environment/SM_Env_Trench_Deep_Straight_Crater_01.prefab using Guid(232dc32bdc1f98c43959c6e07e53e081) Importer(815301076,1909f56bfc062723c751e8b465ee728b)  -> (artifact id: 'dea1c0dac52ada71295dd5fc5e9c4189') in 0.008184 seconds
Number of updated asset objects reloaded before import = 0
Number of asset objects unloaded after import = 10
========================================================================
Received Import Request.
  Time since last request: 0.000016 seconds.
  path: Assets/ww1Prefabs/Prefabs/Environment/SM_Env_Trench_Deep_Transition_02.prefab
  artifactKey: Guid(6a3fc6a9937565d4c8202dc81bc7708e) Importer(815301076,1909f56bfc062723c751e8b465ee728b)
Start importing Assets/ww1Prefabs/Prefabs/Environment/SM_Env_Trench_Deep_Transition_02.prefab using Guid(6a3fc6a9937565d4c8202dc81bc7708e) Importer(815301076,1909f56bfc062723c751e8b465ee728b)  -> (artifact id: 'a80974575c61ddbb67422da3b116bb39') in 0.007075 seconds
Number of updated asset objects reloaded before import = 0
Number of asset objects unloaded after import = 10
========================================================================
Received Import Request.
  Time since last request: 0.000017 seconds.
  path: Assets/ww1Prefabs/Prefabs/Environment/SM_Env_Trench_Deep_Transition_01.prefab
  artifactKey: Guid(cb5334d2415ea9b47817fbf906051a00) Importer(815301076,1909f56bfc062723c751e8b465ee728b)
Start importing Assets/ww1Prefabs/Prefabs/Environment/SM_Env_Trench_Deep_Transition_01.prefab using Guid(cb5334d2415ea9b47817fbf906051a00) Importer(815301076,1909f56bfc062723c751e8b465ee728b)  -> (artifact id: '538caee5c876a13a1d17e93eacd978aa') in 0.007243 seconds
Number of updated asset objects reloaded before import = 0
Number of asset objects unloaded after import = 10
========================================================================
Received Import Request.
  Time since last request: 1.989013 seconds.
  path: Assets/ww1Prefabs/Prefabs/Environment/SM_Env_Trench_Deep_Straight_Crater_01.prefab
  artifactKey: Guid(232dc32bdc1f98c43959c6e07e53e081) Importer(815301076,1909f56bfc062723c751e8b465ee728b)
Start importing Assets/ww1Prefabs/Prefabs/Environment/SM_Env_Trench_Deep_Straight_Crater_01.prefab using Guid(232dc32bdc1f98c43959c6e07e53e081) Importer(815301076,1909f56bfc062723c751e8b465ee728b)  -> (artifact id: 'e7276b5f502287931ef8047dac9ab552') in 0.016418 seconds
Number of updated asset objects reloaded before import = 0
Number of asset objects unloaded after import = 10
========================================================================
Received Import Request.
  Time since last request: 0.000016 seconds.
  path: Assets/ww1Prefabs/Prefabs/Environment/SM_Env_Trench_Deep_Straight_Insert_02_Dirt.prefab
  artifactKey: Guid(ac4d900370e573441af9c475476b8aa0) Importer(815301076,1909f56bfc062723c751e8b465ee728b)
Start importing Assets/ww1Prefabs/Prefabs/Environment/SM_Env_Trench_Deep_Straight_Insert_02_Dirt.prefab using Guid(ac4d900370e573441af9c475476b8aa0) Importer(815301076,1909f56bfc062723c751e8b465ee728b)  -> (artifact id: '8b8b20bb925086e5f9e5cbb90f919d29') in 0.019698 seconds
Number of updated asset objects reloaded before import = 0
Number of asset objects unloaded after import = 10
========================================================================
Received Import Request.
  Time since last request: 1045.162091 seconds.
  path: Assets/Materials/red 1.mat
  artifactKey: Guid(65f110fa7ee9a984bbc2b7363cb843cc) Importer(815301076,1909f56bfc062723c751e8b465ee728b)
Start importing Assets/Materials/red 1.mat using Guid(65f110fa7ee9a984bbc2b7363cb843cc) Importer(815301076,1909f56bfc062723c751e8b465ee728b)  -> (artifact id: 'ef3e8756d6e49def2ac7e0eba924181d') in 0.037285 seconds
Number of updated asset objects reloaded before import = 0
Number of asset objects unloaded after import = 1
========================================================================
Received Import Request.
  Time since last request: 50.303592 seconds.
  path: Assets/Materials/white.mat
  artifactKey: Guid(fd51360dec3fcd64e9c07ce6e1f9911b) Importer(815301076,1909f56bfc062723c751e8b465ee728b)
Start importing Assets/Materials/white.mat using Guid(fd51360dec3fcd64e9c07ce6e1f9911b) Importer(815301076,1909f56bfc062723c751e8b465ee728b)  -> (artifact id: '4907ce6e7c22bf0cd6ba269305441e45') in 0.011395 seconds
Number of updated asset objects reloaded before import = 0
Number of asset objects unloaded after import = 1
