Using pre-set license
Built from '2022.3/release' branch; Version is '2022.3.12f1 (4fe6e059c7ef) revision 5236448'; Using compiler version '192829333'; Build Type 'Release'
OS: 'Windows 11  (10.0.22631) 64bit Professional' Language: 'cs' Physical Memory: 32609 MB
BatchMode: 1, IsHumanControllingUs: 0, StartBugReporterOnCrash: 0, Is64bit: 1, IsPro: 1

COMMAND LINE ARGUMENTS:
C:\Program Files\Unity\Hub\Editor\2022.3.12f1\Editor\Unity.exe
-adb2
-batchMode
-noUpm
-name
AssetImportWorker9
-projectPath
C:/Users/rudad/OneDrive/Plocha/unity projekty/MARCH!/MARCH!
-logFile
Logs/AssetImportWorker9.log
-srvPort
50231
Successfully changed project path to: C:/Users/rudad/OneDrive/Plocha/unity projekty/MARCH!/MARCH!
C:/Users/rudad/OneDrive/Plocha/unity projekty/MARCH!/MARCH!
[UnityMemory] Configuration Parameters - Can be set up in boot.config
    "memorysetup-bucket-allocator-granularity=16"
    "memorysetup-bucket-allocator-bucket-count=8"
    "memorysetup-bucket-allocator-block-size=33554432"
    "memorysetup-bucket-allocator-block-count=8"
    "memorysetup-main-allocator-block-size=16777216"
    "memorysetup-thread-allocator-block-size=16777216"
    "memorysetup-gfx-main-allocator-block-size=16777216"
    "memorysetup-gfx-thread-allocator-block-size=16777216"
    "memorysetup-cache-allocator-block-size=4194304"
    "memorysetup-typetree-allocator-block-size=2097152"
    "memorysetup-profiler-bucket-allocator-granularity=16"
    "memorysetup-profiler-bucket-allocator-bucket-count=8"
    "memorysetup-profiler-bucket-allocator-block-size=33554432"
    "memorysetup-profiler-bucket-allocator-block-count=8"
    "memorysetup-profiler-allocator-block-size=16777216"
    "memorysetup-profiler-editor-allocator-block-size=1048576"
    "memorysetup-temp-allocator-size-main=16777216"
    "memorysetup-job-temp-allocator-block-size=2097152"
    "memorysetup-job-temp-allocator-block-size-background=1048576"
    "memorysetup-job-temp-allocator-reduction-small-platforms=262144"
    "memorysetup-allocator-temp-initial-block-size-main=262144"
    "memorysetup-allocator-temp-initial-block-size-worker=262144"
    "memorysetup-temp-allocator-size-background-worker=32768"
    "memorysetup-temp-allocator-size-job-worker=262144"
    "memorysetup-temp-allocator-size-preload-manager=33554432"
    "memorysetup-temp-allocator-size-nav-mesh-worker=65536"
    "memorysetup-temp-allocator-size-audio-worker=65536"
    "memorysetup-temp-allocator-size-cloud-worker=32768"
    "memorysetup-temp-allocator-size-gi-baking-worker=262144"
    "memorysetup-temp-allocator-size-gfx=262144"
Player connection [20148] Host "[IP] 10.0.1.16 [Port] 0 [Flags] 2 [Guid] 919757208 [EditorId] 919757208 [Version] 1048832 [Id] WindowsEditor(7,DESKTOP-E597BLD) [Debug] 1 [PackageName] WindowsEditor [ProjectName] Editor" joined multi-casting on [225.0.0.222:54997]...

Player connection [20148] Host "[IP] 10.0.1.16 [Port] 0 [Flags] 2 [Guid] 919757208 [EditorId] 919757208 [Version] 1048832 [Id] WindowsEditor(7,DESKTOP-E597BLD) [Debug] 1 [PackageName] WindowsEditor [ProjectName] Editor" joined alternative multi-casting on [225.0.0.222:34997]...

[Physics::Module] Initialized MultithreadedJobDispatcher with 19 workers.
Refreshing native plugins compatible for Editor in 6.96 ms, found 3 plugins.
Preloading 0 native plugins for Editor in 0.00 ms.
Initialize engine version: 2022.3.12f1 (4fe6e059c7ef)
[Subsystems] Discovering subsystems at path C:/Program Files/Unity/Hub/Editor/2022.3.12f1/Editor/Data/Resources/UnitySubsystems
[Subsystems] Discovering subsystems at path C:/Users/rudad/OneDrive/Plocha/unity projekty/MARCH!/MARCH!/Assets
GfxDevice: creating device client; threaded=0; jobified=0
Direct3D:
    Version:  Direct3D 11.0 [level 11.1]
    Renderer: NVIDIA GeForce RTX 3080 (ID=0x220a)
    Vendor:   NVIDIA
    VRAM:     12093 MB
    Driver:   32.0.15.6094
Initialize mono
Mono path[0] = 'C:/Program Files/Unity/Hub/Editor/2022.3.12f1/Editor/Data/Managed'
Mono path[1] = 'C:/Program Files/Unity/Hub/Editor/2022.3.12f1/Editor/Data/MonoBleedingEdge/lib/mono/unityjit-win32'
Mono config path = 'C:/Program Files/Unity/Hub/Editor/2022.3.12f1/Editor/Data/MonoBleedingEdge/etc'
Using monoOptions --debugger-agent=transport=dt_socket,embedding=1,server=y,suspend=n,address=127.0.0.1:56868
Begin MonoManager ReloadAssembly
Registering precompiled unity dll's ...
Register platform support module: C:/Program Files/Unity/Hub/Editor/2022.3.12f1/Editor/Data/PlaybackEngines/WindowsStandaloneSupport/UnityEditor.WindowsStandalone.Extensions.dll
Registered in 0.005277 seconds.
- Loaded All Assemblies, in  0.219 seconds
Native extension for WindowsStandalone target not found
Mono: successfully reloaded assembly
- Finished resetting the current domain, in  0.186 seconds
Domain Reload Profiling: 403ms
	BeginReloadAssembly (70ms)
		ExecutionOrderSort (0ms)
		DisableScriptedObjects (0ms)
		BackupInstance (0ms)
		ReleaseScriptingObjects (0ms)
		CreateAndSetChildDomain (0ms)
	RebuildCommonClasses (20ms)
	RebuildNativeTypeToScriptingClass (6ms)
	initialDomainReloadingComplete (37ms)
	LoadAllAssembliesAndSetupDomain (84ms)
		LoadAssemblies (68ms)
		RebuildTransferFunctionScriptingTraits (0ms)
		AnalyzeDomain (83ms)
			TypeCache.Refresh (81ms)
				TypeCache.ScanAssembly (70ms)
			ScanForSourceGeneratedMonoScriptInfo (0ms)
			ResolveRequiredComponents (0ms)
	FinalizeReload (186ms)
		ReleaseScriptCaches (0ms)
		RebuildScriptCaches (0ms)
		SetupLoadedEditorAssemblies (145ms)
			LogAssemblyErrors (0ms)
			InitializePlatformSupportModulesInManaged (6ms)
			SetLoadedEditorAssemblies (5ms)
			RefreshPlugins (0ms)
			BeforeProcessingInitializeOnLoad (1ms)
			ProcessInitializeOnLoadAttributes (89ms)
			ProcessInitializeOnLoadMethodAttributes (44ms)
			AfterProcessingInitializeOnLoad (0ms)
			EditorAssembliesLoaded (0ms)
		ExecutionOrderSort2 (0ms)
		AwakeInstancesAfterBackupRestoration (0ms)
========================================================================
Worker process is ready to serve import requests
Begin MonoManager ReloadAssembly
- Loaded All Assemblies, in  0.487 seconds
Refreshing native plugins compatible for Editor in 2.16 ms, found 3 plugins.
Native extension for WindowsStandalone target not found
Package Manager log level set to [2]
[Package Manager] Server::EnsureServerProcessIsRunning -- launch failed, reason: Unity was launched with the -noUpm command-line argument
[Package Manager] UpmClient::Send -- Unable to send message (not connected to UPM process).
[Package Manager] Cannot connect to Unity Package Manager local server
Mono: successfully reloaded assembly
- Finished resetting the current domain, in  0.388 seconds
Domain Reload Profiling: 872ms
	BeginReloadAssembly (118ms)
		ExecutionOrderSort (0ms)
		DisableScriptedObjects (4ms)
		BackupInstance (0ms)
		ReleaseScriptingObjects (0ms)
		CreateAndSetChildDomain (18ms)
	RebuildCommonClasses (25ms)
	RebuildNativeTypeToScriptingClass (6ms)
	initialDomainReloadingComplete (27ms)
	LoadAllAssembliesAndSetupDomain (308ms)
		LoadAssemblies (234ms)
		RebuildTransferFunctionScriptingTraits (0ms)
		AnalyzeDomain (143ms)
			TypeCache.Refresh (128ms)
				TypeCache.ScanAssembly (115ms)
			ScanForSourceGeneratedMonoScriptInfo (12ms)
			ResolveRequiredComponents (2ms)
	FinalizeReload (388ms)
		ReleaseScriptCaches (0ms)
		RebuildScriptCaches (0ms)
		SetupLoadedEditorAssemblies (299ms)
			LogAssemblyErrors (0ms)
			InitializePlatformSupportModulesInManaged (4ms)
			SetLoadedEditorAssemblies (3ms)
			RefreshPlugins (0ms)
			BeforeProcessingInitializeOnLoad (38ms)
			ProcessInitializeOnLoadAttributes (235ms)
			ProcessInitializeOnLoadMethodAttributes (13ms)
			AfterProcessingInitializeOnLoad (5ms)
			EditorAssembliesLoaded (0ms)
		ExecutionOrderSort2 (0ms)
		AwakeInstancesAfterBackupRestoration (6ms)
Launched and connected shader compiler UnityShaderCompiler.exe after 0.04 seconds
Refreshing native plugins compatible for Editor in 4.17 ms, found 3 plugins.
Preloading 0 native plugins for Editor in 0.00 ms.
Unloading 3092 Unused Serialized files (Serialized files now loaded: 0)
Unloading 32 unused Assets / (57.4 KB). Loaded Objects now: 3582.
Memory consumption went from 136.1 MB to 136.0 MB.
Total: 2.885800 ms (FindLiveObjects: 0.166100 ms CreateObjectMapping: 0.073600 ms MarkObjects: 2.532700 ms  DeleteObjects: 0.112100 ms)

AssetImportParameters requested are different than current active one (requested -> active):
  custom:container-demuxer-ogg: 62fdf1f143b41e24485cea50d1cbac27 -> 
  custom:video-decoder-ogg-theora: a1e56fd34408186e4bbccfd4996cb3dc -> 
  custom:framework-win-MediaFoundation: 216162199b28c13a410421893ffa2e32 -> 
  custom:CustomObjectIndexerAttribute: 756ad292c208cfabdd7b50bc23989ffe -> 
  custom:container-demuxer-webm: 4f35f7cbe854078d1ac9338744f61a02 -> 
  custom:container-muxer-webm: aa71ff27fc2769a1b78a27578f13a17b -> 
  custom:video-decoder-webm-vp8: 9c59270c3fd7afecdb556c50c9e8de78 -> 
  custom:SearchIndexIgnoredProperties: e643bd26f0fe6173181afceb89e7c659 -> 
  custom:AudioImporter_EditorPlatform: d09bf68614088b80899f8185d706f6e7 -> 
  custom:video-encoder-webm-vp8: eb34c28f22e8b96e1ab97ce403110664 -> 
  custom:audio-decoder-ogg-vorbis: bf7c407c2cedff20999df2af8eb42d56 -> 
  custom:audio-encoder-webm-vorbis: bf7c407c2cedff20999df2af8eb42d56 -> 
========================================================================
Received Import Request.
  Time since last request: 3927.433279 seconds.
  path: Assets/PolygonWar/Prefabs/Environments/SM_Env_Trench_Shallow_Straight_02.prefab
  artifactKey: Guid(1c257de4a6ceaa3409553822c52c943b) Importer(815301076,1909f56bfc062723c751e8b465ee728b)
Start importing Assets/PolygonWar/Prefabs/Environments/SM_Env_Trench_Shallow_Straight_02.prefab using Guid(1c257de4a6ceaa3409553822c52c943b) Importer(815301076,1909f56bfc062723c751e8b465ee728b)  -> (artifact id: 'a049f6ac48f226f88ea649492cdcb160') in 0.099101 seconds
Number of updated asset objects reloaded before import = 0
Number of asset objects unloaded after import = 10
========================================================================
Received Prepare
Begin MonoManager ReloadAssembly
- Loaded All Assemblies, in  0.294 seconds
Refreshing native plugins compatible for Editor in 2.14 ms, found 3 plugins.
Native extension for WindowsStandalone target not found
[Package Manager] Server::EnsureServerProcessIsRunning -- launch failed, reason: Unity was launched with the -noUpm command-line argument
[Package Manager] UpmClient::Send -- Unable to send message (not connected to UPM process).
[Package Manager] Cannot connect to Unity Package Manager local server
Mono: successfully reloaded assembly
- Finished resetting the current domain, in  0.619 seconds
Domain Reload Profiling: 911ms
	BeginReloadAssembly (110ms)
		ExecutionOrderSort (0ms)
		DisableScriptedObjects (3ms)
		BackupInstance (0ms)
		ReleaseScriptingObjects (0ms)
		CreateAndSetChildDomain (23ms)
	RebuildCommonClasses (20ms)
	RebuildNativeTypeToScriptingClass (7ms)
	initialDomainReloadingComplete (20ms)
	LoadAllAssembliesAndSetupDomain (135ms)
		LoadAssemblies (187ms)
		RebuildTransferFunctionScriptingTraits (0ms)
		AnalyzeDomain (8ms)
			TypeCache.Refresh (4ms)
				TypeCache.ScanAssembly (0ms)
			ScanForSourceGeneratedMonoScriptInfo (0ms)
			ResolveRequiredComponents (3ms)
	FinalizeReload (619ms)
		ReleaseScriptCaches (0ms)
		RebuildScriptCaches (0ms)
		SetupLoadedEditorAssemblies (308ms)
			LogAssemblyErrors (0ms)
			InitializePlatformSupportModulesInManaged (5ms)
			SetLoadedEditorAssemblies (3ms)
			RefreshPlugins (0ms)
			BeforeProcessingInitializeOnLoad (44ms)
			ProcessInitializeOnLoadAttributes (233ms)
			ProcessInitializeOnLoadMethodAttributes (16ms)
			AfterProcessingInitializeOnLoad (6ms)
			EditorAssembliesLoaded (0ms)
		ExecutionOrderSort2 (0ms)
		AwakeInstancesAfterBackupRestoration (8ms)
Refreshing native plugins compatible for Editor in 2.39 ms, found 3 plugins.
Preloading 0 native plugins for Editor in 0.00 ms.
Unloading 3083 Unused Serialized files (Serialized files now loaded: 0)
Unloading 23 unused Assets / (31.0 KB). Loaded Objects now: 3593.
Memory consumption went from 140.7 MB to 140.7 MB.
Total: 1.986400 ms (FindLiveObjects: 0.176900 ms CreateObjectMapping: 0.078700 ms MarkObjects: 1.694500 ms  DeleteObjects: 0.035100 ms)

Prepare: number of updated asset objects reloaded= 0
AssetImportParameters requested are different than current active one (requested -> active):
  custom:container-demuxer-ogg: 62fdf1f143b41e24485cea50d1cbac27 -> 
  custom:video-decoder-ogg-theora: a1e56fd34408186e4bbccfd4996cb3dc -> 
  custom:framework-win-MediaFoundation: 216162199b28c13a410421893ffa2e32 -> 
  custom:CustomObjectIndexerAttribute: 756ad292c208cfabdd7b50bc23989ffe -> 
  custom:container-demuxer-webm: 4f35f7cbe854078d1ac9338744f61a02 -> 
  custom:container-muxer-webm: aa71ff27fc2769a1b78a27578f13a17b -> 
  custom:video-decoder-webm-vp8: 9c59270c3fd7afecdb556c50c9e8de78 -> 
  custom:SearchIndexIgnoredProperties: e643bd26f0fe6173181afceb89e7c659 -> 
  custom:AudioImporter_EditorPlatform: d09bf68614088b80899f8185d706f6e7 -> 
  custom:video-encoder-webm-vp8: eb34c28f22e8b96e1ab97ce403110664 -> 
  custom:audio-decoder-ogg-vorbis: bf7c407c2cedff20999df2af8eb42d56 -> 
  custom:audio-encoder-webm-vorbis: bf7c407c2cedff20999df2af8eb42d56 -> 
========================================================================
Received Import Request.
  Time since last request: 1249.814266 seconds.
  path: Assets/PolygonWar/Textures/German_Plane_Transport_Texture_02.png
  artifactKey: Guid(f959bd33309b1c944bebc8f13a37ded3) Importer(815301076,1909f56bfc062723c751e8b465ee728b)
Start importing Assets/PolygonWar/Textures/German_Plane_Transport_Texture_02.png using Guid(f959bd33309b1c944bebc8f13a37ded3) Importer(815301076,1909f56bfc062723c751e8b465ee728b)  -> (artifact id: '20fa750241d219efcb51377cf223712d') in 0.048274 seconds
Number of updated asset objects reloaded before import = 0
Number of asset objects unloaded after import = 2
========================================================================
Received Import Request.
  Time since last request: 0.000014 seconds.
  path: Assets/PolygonWar/Textures/PolygonWar_Texture_04_A.png
  artifactKey: Guid(195065e87d792974a8c155c7d7b58a1c) Importer(815301076,1909f56bfc062723c751e8b465ee728b)
Start importing Assets/PolygonWar/Textures/PolygonWar_Texture_04_A.png using Guid(195065e87d792974a8c155c7d7b58a1c) Importer(815301076,1909f56bfc062723c751e8b465ee728b)  -> (artifact id: '2cdba27ee8286663bba468a0d8dc83ef') in 0.015151 seconds
Number of updated asset objects reloaded before import = 0
Number of asset objects unloaded after import = 2
========================================================================
Received Import Request.
  Time since last request: 0.000021 seconds.
  path: Assets/PolygonWar/Textures/Ship_Texture.png
  artifactKey: Guid(2c434f374fc76294692738e89e9f961f) Importer(815301076,1909f56bfc062723c751e8b465ee728b)
Start importing Assets/PolygonWar/Textures/Ship_Texture.png using Guid(2c434f374fc76294692738e89e9f961f) Importer(815301076,1909f56bfc062723c751e8b465ee728b)  -> (artifact id: '74d6be2e80ac90058f5e48fe2980185f') in 0.011166 seconds
Number of updated asset objects reloaded before import = 0
Number of asset objects unloaded after import = 2
========================================================================
Received Import Request.
  Time since last request: 0.000012 seconds.
  path: Assets/PolygonWar/Textures/PolygonWar_Texture_01_A.png
  artifactKey: Guid(a0e6e61468834da4ea64e5e8c2b405ce) Importer(815301076,1909f56bfc062723c751e8b465ee728b)
Start importing Assets/PolygonWar/Textures/PolygonWar_Texture_01_A.png using Guid(a0e6e61468834da4ea64e5e8c2b405ce) Importer(815301076,1909f56bfc062723c751e8b465ee728b)  -> (artifact id: 'e77b967d9162bc16ff928e00f26e7499') in 0.010249 seconds
Number of updated asset objects reloaded before import = 0
Number of asset objects unloaded after import = 2
========================================================================
Received Import Request.
  Time since last request: 0.000012 seconds.
  path: Assets/PolygonWar/Textures/PolygonWar_PostersSignsFlags_01.png
  artifactKey: Guid(e310451027a1c974585e1c01a148fd51) Importer(815301076,1909f56bfc062723c751e8b465ee728b)
Start importing Assets/PolygonWar/Textures/PolygonWar_PostersSignsFlags_01.png using Guid(e310451027a1c974585e1c01a148fd51) Importer(815301076,1909f56bfc062723c751e8b465ee728b)  -> (artifact id: 'a3ac3606bf6e48bb10f0dbbc04f8a71c') in 0.017539 seconds
Number of updated asset objects reloaded before import = 0
Number of asset objects unloaded after import = 2
========================================================================
Received Import Request.
  Time since last request: 0.000011 seconds.
  path: Assets/PolygonWar/Textures/Tank_Track_Texture.png
  artifactKey: Guid(1c306d719be63ef4eb225fac9ae24278) Importer(815301076,1909f56bfc062723c751e8b465ee728b)
Start importing Assets/PolygonWar/Textures/Tank_Track_Texture.png using Guid(1c306d719be63ef4eb225fac9ae24278) Importer(815301076,1909f56bfc062723c751e8b465ee728b)  -> (artifact id: 'a73dad23956a5822ab8fa00f1c076f35') in 0.009464 seconds
Number of updated asset objects reloaded before import = 0
Number of asset objects unloaded after import = 2
========================================================================
Received Import Request.
  Time since last request: 0.000013 seconds.
  path: Assets/PolygonWar/Textures/Russian_Vehicle_Texture_04.png
  artifactKey: Guid(96695e2100016274a818f25a976bc29e) Importer(815301076,1909f56bfc062723c751e8b465ee728b)
Start importing Assets/PolygonWar/Textures/Russian_Vehicle_Texture_04.png using Guid(96695e2100016274a818f25a976bc29e) Importer(815301076,1909f56bfc062723c751e8b465ee728b)  -> (artifact id: 'f24222d53e31eddbfe06df6bc2506f03') in 0.011964 seconds
Number of updated asset objects reloaded before import = 0
Number of asset objects unloaded after import = 2
========================================================================
Received Import Request.
  Time since last request: 0.000013 seconds.
  path: Assets/PolygonWar/Textures/PolygonWar_Texture_03_B.png
  artifactKey: Guid(3da80bb34fb9e214dacfb34e9e36e9a5) Importer(815301076,1909f56bfc062723c751e8b465ee728b)
Start importing Assets/PolygonWar/Textures/PolygonWar_Texture_03_B.png using Guid(3da80bb34fb9e214dacfb34e9e36e9a5) Importer(815301076,1909f56bfc062723c751e8b465ee728b)  -> (artifact id: '35ef50aa19665b743cf17525b3690fc5') in 0.011900 seconds
Number of updated asset objects reloaded before import = 0
Number of asset objects unloaded after import = 2
========================================================================
Received Import Request.
  Time since last request: 0.000031 seconds.
  path: Assets/PolygonWar/Textures/German_Vehicle_Texture_01_Destroyed.png
  artifactKey: Guid(34820f7939e4ef243a0c7489a714ac23) Importer(815301076,1909f56bfc062723c751e8b465ee728b)
Start importing Assets/PolygonWar/Textures/German_Vehicle_Texture_01_Destroyed.png using Guid(34820f7939e4ef243a0c7489a714ac23) Importer(815301076,1909f56bfc062723c751e8b465ee728b)  -> (artifact id: '8528a417a1904613708c20ffae96d1e2') in 0.010662 seconds
Number of updated asset objects reloaded before import = 0
Number of asset objects unloaded after import = 2
========================================================================
Received Import Request.
  Time since last request: 0.000012 seconds.
  path: Assets/PolygonWar/Textures/PolygonWar_Texture_01_B.png
  artifactKey: Guid(9e8a774d018842a429478fef5133c7e0) Importer(815301076,1909f56bfc062723c751e8b465ee728b)
Start importing Assets/PolygonWar/Textures/PolygonWar_Texture_01_B.png using Guid(9e8a774d018842a429478fef5133c7e0) Importer(815301076,1909f56bfc062723c751e8b465ee728b)  -> (artifact id: '3790d78d89e7cb0efbe2657942a9d87b') in 0.011444 seconds
Number of updated asset objects reloaded before import = 0
Number of asset objects unloaded after import = 2
========================================================================
Received Import Request.
  Time since last request: 0.000015 seconds.
  path: Assets/PolygonWar/Textures/PolygonWar_Texture_01_C.png
  artifactKey: Guid(df47eeed58830c24cb50f48cb5ea23f4) Importer(815301076,1909f56bfc062723c751e8b465ee728b)
Start importing Assets/PolygonWar/Textures/PolygonWar_Texture_01_C.png using Guid(df47eeed58830c24cb50f48cb5ea23f4) Importer(815301076,1909f56bfc062723c751e8b465ee728b)  -> (artifact id: '81eb7db58b5e1b3d7aa6a54f7de8730d') in 0.012926 seconds
Number of updated asset objects reloaded before import = 0
Number of asset objects unloaded after import = 2
========================================================================
Received Import Request.
  Time since last request: 0.000015 seconds.
  path: Assets/PolygonWar/Textures/Russian_Vehicle_Texture_02.png
  artifactKey: Guid(4ad7bc7c246eeb340868b8e47aa6bcd8) Importer(815301076,1909f56bfc062723c751e8b465ee728b)
Start importing Assets/PolygonWar/Textures/Russian_Vehicle_Texture_02.png using Guid(4ad7bc7c246eeb340868b8e47aa6bcd8) Importer(815301076,1909f56bfc062723c751e8b465ee728b)  -> (artifact id: '1de089a7591a487481e6408231fa9a49') in 0.014050 seconds
Number of updated asset objects reloaded before import = 0
Number of asset objects unloaded after import = 2
========================================================================
Received Import Request.
  Time since last request: 0.000013 seconds.
  path: Assets/PolygonWar/Textures/German_Vehicle_Texture_03.png
  artifactKey: Guid(6580ff1691d5e0541a0779409cfb35af) Importer(815301076,1909f56bfc062723c751e8b465ee728b)
Start importing Assets/PolygonWar/Textures/German_Vehicle_Texture_03.png using Guid(6580ff1691d5e0541a0779409cfb35af) Importer(815301076,1909f56bfc062723c751e8b465ee728b)  -> (artifact id: '671814f201d49a93177416bd5e4a56b5') in 0.010688 seconds
Number of updated asset objects reloaded before import = 0
Number of asset objects unloaded after import = 2
========================================================================
Received Import Request.
  Time since last request: 0.000013 seconds.
  path: Assets/PolygonWar/Textures/PolygonWar_Texture_04_B.png
  artifactKey: Guid(8eff8db5dd584ba439a19cda376ed22e) Importer(815301076,1909f56bfc062723c751e8b465ee728b)
Start importing Assets/PolygonWar/Textures/PolygonWar_Texture_04_B.png using Guid(8eff8db5dd584ba439a19cda376ed22e) Importer(815301076,1909f56bfc062723c751e8b465ee728b)  -> (artifact id: 'b0787c5e15ea53254404b10f75b7c87f') in 0.011546 seconds
Number of updated asset objects reloaded before import = 0
Number of asset objects unloaded after import = 2
========================================================================
Received Import Request.
  Time since last request: 0.000022 seconds.
  path: Assets/PolygonWar/Textures/Russian_Vehicle_Texture_01.png
  artifactKey: Guid(b63b4af13eb9d30408caabffd062f063) Importer(815301076,1909f56bfc062723c751e8b465ee728b)
Start importing Assets/PolygonWar/Textures/Russian_Vehicle_Texture_01.png using Guid(b63b4af13eb9d30408caabffd062f063) Importer(815301076,1909f56bfc062723c751e8b465ee728b)  -> (artifact id: '9544058b9706862f50c3bdbb8ca0a183') in 0.011446 seconds
Number of updated asset objects reloaded before import = 0
Number of asset objects unloaded after import = 2
========================================================================
Received Import Request.
  Time since last request: 0.000011 seconds.
  path: Assets/PolygonWar/Textures/Russian_Vehicle_Texture_03.png
  artifactKey: Guid(0ee5df85a87307e49907c218a2e1a3a7) Importer(815301076,1909f56bfc062723c751e8b465ee728b)
Start importing Assets/PolygonWar/Textures/Russian_Vehicle_Texture_03.png using Guid(0ee5df85a87307e49907c218a2e1a3a7) Importer(815301076,1909f56bfc062723c751e8b465ee728b)  -> (artifact id: '3e7ec10be6c05afdf3d4437506b27037') in 0.010687 seconds
Number of updated asset objects reloaded before import = 0
Number of asset objects unloaded after import = 2
========================================================================
Received Import Request.
  Time since last request: 0.000012 seconds.
  path: Assets/PolygonWar/Textures/Russian_Vehicle_Texture_01_Destroyed.png
  artifactKey: Guid(78abb9a741d99614e9f7399496ff1648) Importer(815301076,1909f56bfc062723c751e8b465ee728b)
Start importing Assets/PolygonWar/Textures/Russian_Vehicle_Texture_01_Destroyed.png using Guid(78abb9a741d99614e9f7399496ff1648) Importer(815301076,1909f56bfc062723c751e8b465ee728b)  -> (artifact id: '2bfe6f99a78820fb29569d017deeef83') in 0.010161 seconds
Number of updated asset objects reloaded before import = 0
Number of asset objects unloaded after import = 2
========================================================================
Received Import Request.
  Time since last request: 0.000012 seconds.
  path: Assets/PolygonWar/Textures/Russian_Vehicle_Texture_01_Damaged.png
  artifactKey: Guid(b6db8443ebae4ad4faa9f7484830cb16) Importer(815301076,1909f56bfc062723c751e8b465ee728b)
Start importing Assets/PolygonWar/Textures/Russian_Vehicle_Texture_01_Damaged.png using Guid(b6db8443ebae4ad4faa9f7484830cb16) Importer(815301076,1909f56bfc062723c751e8b465ee728b)  -> (artifact id: 'e43039d8f8523310f41e7e6da33a9baa') in 0.018086 seconds
Number of updated asset objects reloaded before import = 0
Number of asset objects unloaded after import = 2
========================================================================
Received Import Request.
  Time since last request: 54.464305 seconds.
  path: Assets/ww1Prefabs/Prefabs/Environment/SM_Env_Trench_Deep_Straight_Insert_01_Dirt.prefab
  artifactKey: Guid(261086b21264b204b920c386ae0d3c2a) Importer(815301076,1909f56bfc062723c751e8b465ee728b)
Start importing Assets/ww1Prefabs/Prefabs/Environment/SM_Env_Trench_Deep_Straight_Insert_01_Dirt.prefab using Guid(261086b21264b204b920c386ae0d3c2a) Importer(815301076,1909f56bfc062723c751e8b465ee728b)  -> (artifact id: '4e228a4f2e9bdee2faecce7235b39b8b') in 0.051049 seconds
Number of updated asset objects reloaded before import = 0
Number of asset objects unloaded after import = 10
========================================================================
Received Import Request.
  Time since last request: 0.000018 seconds.
  path: Assets/ww1Prefabs/Prefabs/Environment/SM_Env_Trench_Deep_Straight_Long_01.prefab
  artifactKey: Guid(1017aba79410f0b459414398cd78a490) Importer(815301076,1909f56bfc062723c751e8b465ee728b)
Start importing Assets/ww1Prefabs/Prefabs/Environment/SM_Env_Trench_Deep_Straight_Long_01.prefab using Guid(1017aba79410f0b459414398cd78a490) Importer(815301076,1909f56bfc062723c751e8b465ee728b)  -> (artifact id: '308853f37460c859c8ba0e0920b80b8b') in 0.039462 seconds
Number of updated asset objects reloaded before import = 0
Number of asset objects unloaded after import = 10
========================================================================
Received Import Request.
  Time since last request: 0.000021 seconds.
  path: Assets/ww1Prefabs/Prefabs/Environment/SM_Env_Trench_Deep_Zigzag_01.prefab
  artifactKey: Guid(37627baea50415f49ad0ba10e5af439e) Importer(815301076,1909f56bfc062723c751e8b465ee728b)
Start importing Assets/ww1Prefabs/Prefabs/Environment/SM_Env_Trench_Deep_Zigzag_01.prefab using Guid(37627baea50415f49ad0ba10e5af439e) Importer(815301076,1909f56bfc062723c751e8b465ee728b)  -> (artifact id: '1d4713c613c42d1c9da0ec42fab87dee') in 0.035309 seconds
Number of updated asset objects reloaded before import = 0
Number of asset objects unloaded after import = 10
========================================================================
Received Import Request.
  Time since last request: 1.792838 seconds.
  path: Assets/ww1Prefabs/Prefabs/Environment/SM_Env_Trench_Deep_Straight_Insert_01_Dirt.prefab
  artifactKey: Guid(261086b21264b204b920c386ae0d3c2a) Importer(815301076,1909f56bfc062723c751e8b465ee728b)
Start importing Assets/ww1Prefabs/Prefabs/Environment/SM_Env_Trench_Deep_Straight_Insert_01_Dirt.prefab using Guid(261086b21264b204b920c386ae0d3c2a) Importer(815301076,1909f56bfc062723c751e8b465ee728b)  -> (artifact id: 'e67cfc6e00417bdc765cf0834ac475d1') in 0.008391 seconds
Number of updated asset objects reloaded before import = 0
Number of asset objects unloaded after import = 10
========================================================================
Received Import Request.
  Time since last request: 0.000014 seconds.
  path: Assets/ww1Prefabs/Prefabs/Environment/SM_Env_Trench_Deep_Straight_Long_01.prefab
  artifactKey: Guid(1017aba79410f0b459414398cd78a490) Importer(815301076,1909f56bfc062723c751e8b465ee728b)
Start importing Assets/ww1Prefabs/Prefabs/Environment/SM_Env_Trench_Deep_Straight_Long_01.prefab using Guid(1017aba79410f0b459414398cd78a490) Importer(815301076,1909f56bfc062723c751e8b465ee728b)  -> (artifact id: 'ada0612f618b42bae80cdcfe7ac33e1b') in 0.007881 seconds
Number of updated asset objects reloaded before import = 0
Number of asset objects unloaded after import = 10
========================================================================
Received Import Request.
  Time since last request: 0.000020 seconds.
  path: Assets/ww1Prefabs/Prefabs/Environment/SM_Env_Trench_Deep_Straight_Insert_02.prefab
  artifactKey: Guid(09c5f2290ea9ba748b51c512e7c1a41f) Importer(815301076,1909f56bfc062723c751e8b465ee728b)
Start importing Assets/ww1Prefabs/Prefabs/Environment/SM_Env_Trench_Deep_Straight_Insert_02.prefab using Guid(09c5f2290ea9ba748b51c512e7c1a41f) Importer(815301076,1909f56bfc062723c751e8b465ee728b)  -> (artifact id: 'b0df3a1d345027aec3a554d8c1611b4f') in 0.008291 seconds
Number of updated asset objects reloaded before import = 0
Number of asset objects unloaded after import = 10
========================================================================
Received Import Request.
  Time since last request: 1.986888 seconds.
  path: Assets/ww1Prefabs/Prefabs/Environment/SM_Env_Trench_Deep_Straight_Insert_01_Dirt.prefab
  artifactKey: Guid(261086b21264b204b920c386ae0d3c2a) Importer(815301076,1909f56bfc062723c751e8b465ee728b)
Start importing Assets/ww1Prefabs/Prefabs/Environment/SM_Env_Trench_Deep_Straight_Insert_01_Dirt.prefab using Guid(261086b21264b204b920c386ae0d3c2a) Importer(815301076,1909f56bfc062723c751e8b465ee728b)  -> (artifact id: '2efb2dca0c04812e758472e34be49d56') in 0.017604 seconds
Number of updated asset objects reloaded before import = 0
Number of asset objects unloaded after import = 10
========================================================================
Received Import Request.
  Time since last request: 0.000015 seconds.
  path: Assets/ww1Prefabs/Prefabs/Environment/SM_Env_Trench_Deep_Zigzag_01.prefab
  artifactKey: Guid(37627baea50415f49ad0ba10e5af439e) Importer(815301076,1909f56bfc062723c751e8b465ee728b)
Start importing Assets/ww1Prefabs/Prefabs/Environment/SM_Env_Trench_Deep_Zigzag_01.prefab using Guid(37627baea50415f49ad0ba10e5af439e) Importer(815301076,1909f56bfc062723c751e8b465ee728b)  -> (artifact id: '069c8b8dbf4a8970f60167cd298cfa6e') in 0.012225 seconds
Number of updated asset objects reloaded before import = 0
Number of asset objects unloaded after import = 10
Editor requested this worker to shutdown with reason: Scaling down because of idle timeout
TcpMessagingSession - receive error: operation aborted. errorcode: 995, details: Vstupne-výstupní operace byla prerušena bud z duvodu ukoncení vlákna, nebo na žádost aplikace.
AssetImportWorker is now disconnected from the server
Process exiting
Exiting without the bug reporter. Application will terminate with return code 0