Using pre-set license
Built from '2022.3/release' branch; Version is '2022.3.12f1 (4fe6e059c7ef) revision 5236448'; Using compiler version '192829333'; Build Type 'Release'
OS: 'Windows 11  (10.0.26100) 64bit Professional' Language: 'cs' Physical Memory: 32609 MB
BatchMode: 1, IsHumanControllingUs: 0, StartBugReporterOnCrash: 0, Is64bit: 1, IsPro: 1

COMMAND LINE ARGUMENTS:
C:\Program Files\Unity\Hub\Editor\2022.3.12f1\Editor\Unity.exe
-adb2
-batchMode
-noUpm
-name
AssetImportWorker2
-projectPath
C:/Users/rudad/OneDrive/Plocha/unity projekty/MARCH!/MARCH-/MARCH!
-logFile
Logs/AssetImportWorker2.log
-srvPort
63726
Successfully changed project path to: C:/Users/rudad/OneDrive/Plocha/unity projekty/MARCH!/MARCH-/MARCH!
C:/Users/rudad/OneDrive/Plocha/unity projekty/MARCH!/MARCH-/MARCH!
[UnityMemory] Configuration Parameters - Can be set up in boot.config
    "memorysetup-bucket-allocator-granularity=16"
    "memorysetup-bucket-allocator-bucket-count=8"
    "memorysetup-bucket-allocator-block-size=33554432"
    "memorysetup-bucket-allocator-block-count=8"
    "memorysetup-main-allocator-block-size=16777216"
    "memorysetup-thread-allocator-block-size=16777216"
    "memorysetup-gfx-main-allocator-block-size=16777216"
    "memorysetup-gfx-thread-allocator-block-size=16777216"
    "memorysetup-cache-allocator-block-size=4194304"
    "memorysetup-typetree-allocator-block-size=2097152"
    "memorysetup-profiler-bucket-allocator-granularity=16"
    "memorysetup-profiler-bucket-allocator-bucket-count=8"
    "memorysetup-profiler-bucket-allocator-block-size=33554432"
    "memorysetup-profiler-bucket-allocator-block-count=8"
    "memorysetup-profiler-allocator-block-size=16777216"
    "memorysetup-profiler-editor-allocator-block-size=1048576"
    "memorysetup-temp-allocator-size-main=16777216"
    "memorysetup-job-temp-allocator-block-size=2097152"
    "memorysetup-job-temp-allocator-block-size-background=1048576"
    "memorysetup-job-temp-allocator-reduction-small-platforms=262144"
    "memorysetup-allocator-temp-initial-block-size-main=262144"
    "memorysetup-allocator-temp-initial-block-size-worker=262144"
    "memorysetup-temp-allocator-size-background-worker=32768"
    "memorysetup-temp-allocator-size-job-worker=262144"
    "memorysetup-temp-allocator-size-preload-manager=33554432"
    "memorysetup-temp-allocator-size-nav-mesh-worker=65536"
    "memorysetup-temp-allocator-size-audio-worker=65536"
    "memorysetup-temp-allocator-size-cloud-worker=32768"
    "memorysetup-temp-allocator-size-gi-baking-worker=262144"
    "memorysetup-temp-allocator-size-gfx=262144"
Player connection [13060] Host "[IP] 10.0.1.16 [Port] 0 [Flags] 2 [Guid] 3603256775 [EditorId] 3603256775 [Version] 1048832 [Id] WindowsEditor(7,DESKTOP-E597BLD) [Debug] 1 [PackageName] WindowsEditor [ProjectName] Editor" joined multi-casting on [225.0.0.222:54997]...

Player connection [13060] Host "[IP] 10.0.1.16 [Port] 0 [Flags] 2 [Guid] 3603256775 [EditorId] 3603256775 [Version] 1048832 [Id] WindowsEditor(7,DESKTOP-E597BLD) [Debug] 1 [PackageName] WindowsEditor [ProjectName] Editor" joined alternative multi-casting on [225.0.0.222:34997]...

[Physics::Module] Initialized MultithreadedJobDispatcher with 19 workers.
Refreshing native plugins compatible for Editor in 7.23 ms, found 3 plugins.
Preloading 0 native plugins for Editor in 0.00 ms.
Initialize engine version: 2022.3.12f1 (4fe6e059c7ef)
[Subsystems] Discovering subsystems at path C:/Program Files/Unity/Hub/Editor/2022.3.12f1/Editor/Data/Resources/UnitySubsystems
[Subsystems] Discovering subsystems at path C:/Users/rudad/OneDrive/Plocha/unity projekty/MARCH!/MARCH-/MARCH!/Assets
GfxDevice: creating device client; threaded=0; jobified=0
Direct3D:
    Version:  Direct3D 11.0 [level 11.1]
    Renderer: NVIDIA GeForce RTX 3080 (ID=0x220a)
    Vendor:   NVIDIA
    VRAM:     12093 MB
    Driver:   32.0.15.6094
Shader 'WFX/Transparent Diffuse': fallback shader 'Particles/Alpha Blended' not found
Shader 'WFX/Transparent Specular': fallback shader 'Particles/Alpha Blended' not found
Initialize mono
Mono path[0] = 'C:/Program Files/Unity/Hub/Editor/2022.3.12f1/Editor/Data/Managed'
Mono path[1] = 'C:/Program Files/Unity/Hub/Editor/2022.3.12f1/Editor/Data/MonoBleedingEdge/lib/mono/unityjit-win32'
Mono config path = 'C:/Program Files/Unity/Hub/Editor/2022.3.12f1/Editor/Data/MonoBleedingEdge/etc'
Using monoOptions --debugger-agent=transport=dt_socket,embedding=1,server=y,suspend=n,address=127.0.0.1:56264
Begin MonoManager ReloadAssembly
Registering precompiled unity dll's ...
Register platform support module: C:/Program Files/Unity/Hub/Editor/2022.3.12f1/Editor/Data/PlaybackEngines/WindowsStandaloneSupport/UnityEditor.WindowsStandalone.Extensions.dll
Registered in 0.007121 seconds.
- Loaded All Assemblies, in  0.248 seconds
Native extension for WindowsStandalone target not found
Mono: successfully reloaded assembly
- Finished resetting the current domain, in  0.175 seconds
Domain Reload Profiling: 421ms
	BeginReloadAssembly (82ms)
		ExecutionOrderSort (0ms)
		DisableScriptedObjects (0ms)
		BackupInstance (0ms)
		ReleaseScriptingObjects (0ms)
		CreateAndSetChildDomain (1ms)
	RebuildCommonClasses (23ms)
	RebuildNativeTypeToScriptingClass (6ms)
	initialDomainReloadingComplete (43ms)
	LoadAllAssembliesAndSetupDomain (92ms)
		LoadAssemblies (80ms)
		RebuildTransferFunctionScriptingTraits (0ms)
		AnalyzeDomain (90ms)
			TypeCache.Refresh (89ms)
				TypeCache.ScanAssembly (80ms)
			ScanForSourceGeneratedMonoScriptInfo (0ms)
			ResolveRequiredComponents (0ms)
	FinalizeReload (175ms)
		ReleaseScriptCaches (0ms)
		RebuildScriptCaches (0ms)
		SetupLoadedEditorAssemblies (135ms)
			LogAssemblyErrors (0ms)
			InitializePlatformSupportModulesInManaged (7ms)
			SetLoadedEditorAssemblies (5ms)
			RefreshPlugins (0ms)
			BeforeProcessingInitializeOnLoad (2ms)
			ProcessInitializeOnLoadAttributes (86ms)
			ProcessInitializeOnLoadMethodAttributes (35ms)
			AfterProcessingInitializeOnLoad (0ms)
			EditorAssembliesLoaded (0ms)
		ExecutionOrderSort2 (0ms)
		AwakeInstancesAfterBackupRestoration (0ms)
========================================================================
Worker process is ready to serve import requests
Begin MonoManager ReloadAssembly
- Loaded All Assemblies, in  0.433 seconds
Refreshing native plugins compatible for Editor in 2.87 ms, found 3 plugins.
Native extension for WindowsStandalone target not found
Package Manager log level set to [2]
[Package Manager] Server::EnsureServerProcessIsRunning -- launch failed, reason: Unity was launched with the -noUpm command-line argument
[Package Manager] UpmClient::Send -- Unable to send message (not connected to UPM process).
[Package Manager] Cannot connect to Unity Package Manager local server
Mono: successfully reloaded assembly
- Finished resetting the current domain, in  0.432 seconds
Domain Reload Profiling: 862ms
	BeginReloadAssembly (102ms)
		ExecutionOrderSort (0ms)
		DisableScriptedObjects (4ms)
		BackupInstance (0ms)
		ReleaseScriptingObjects (0ms)
		CreateAndSetChildDomain (15ms)
	RebuildCommonClasses (20ms)
	RebuildNativeTypeToScriptingClass (6ms)
	initialDomainReloadingComplete (27ms)
	LoadAllAssembliesAndSetupDomain (275ms)
		LoadAssemblies (216ms)
		RebuildTransferFunctionScriptingTraits (0ms)
		AnalyzeDomain (120ms)
			TypeCache.Refresh (105ms)
				TypeCache.ScanAssembly (95ms)
			ScanForSourceGeneratedMonoScriptInfo (10ms)
			ResolveRequiredComponents (3ms)
	FinalizeReload (432ms)
		ReleaseScriptCaches (0ms)
		RebuildScriptCaches (0ms)
		SetupLoadedEditorAssemblies (330ms)
			LogAssemblyErrors (0ms)
			InitializePlatformSupportModulesInManaged (5ms)
			SetLoadedEditorAssemblies (2ms)
			RefreshPlugins (0ms)
			BeforeProcessingInitializeOnLoad (44ms)
			ProcessInitializeOnLoadAttributes (257ms)
			ProcessInitializeOnLoadMethodAttributes (14ms)
			AfterProcessingInitializeOnLoad (7ms)
			EditorAssembliesLoaded (0ms)
		ExecutionOrderSort2 (0ms)
		AwakeInstancesAfterBackupRestoration (7ms)
Shader 'WFX/Transparent Diffuse': fallback shader 'Particles/Alpha Blended' not found
Shader 'WFX/Transparent Specular': fallback shader 'Particles/Alpha Blended' not found
Launched and connected shader compiler UnityShaderCompiler.exe after 0.04 seconds
Refreshing native plugins compatible for Editor in 2.84 ms, found 3 plugins.
Preloading 0 native plugins for Editor in 0.00 ms.
Unloading 3194 Unused Serialized files (Serialized files now loaded: 0)
Unloading 32 unused Assets / (58.3 KB). Loaded Objects now: 3688.
Memory consumption went from 145.5 MB to 145.5 MB.
Total: 2.230800 ms (FindLiveObjects: 0.158000 ms CreateObjectMapping: 0.072500 ms MarkObjects: 1.903500 ms  DeleteObjects: 0.095600 ms)

AssetImportParameters requested are different than current active one (requested -> active):
  custom:container-demuxer-ogg: 62fdf1f143b41e24485cea50d1cbac27 -> 
  custom:video-decoder-ogg-theora: a1e56fd34408186e4bbccfd4996cb3dc -> 
  custom:framework-win-MediaFoundation: 216162199b28c13a410421893ffa2e32 -> 
  custom:CustomObjectIndexerAttribute: 756ad292c208cfabdd7b50bc23989ffe -> 
  custom:container-demuxer-webm: 4f35f7cbe854078d1ac9338744f61a02 -> 
  custom:container-muxer-webm: aa71ff27fc2769a1b78a27578f13a17b -> 
  custom:video-decoder-webm-vp8: 9c59270c3fd7afecdb556c50c9e8de78 -> 
  custom:SearchIndexIgnoredProperties: e643bd26f0fe6173181afceb89e7c659 -> 
  custom:AudioImporter_EditorPlatform: d09bf68614088b80899f8185d706f6e7 -> 
  custom:video-encoder-webm-vp8: eb34c28f22e8b96e1ab97ce403110664 -> 
  custom:audio-decoder-ogg-vorbis: bf7c407c2cedff20999df2af8eb42d56 -> 
  custom:audio-encoder-webm-vorbis: bf7c407c2cedff20999df2af8eb42d56 -> 
========================================================================
Received Import Request.
  Time since last request: 5472.488177 seconds.
  path: Assets/TextMesh Pro/Examples & Extras/Resources/Fonts & Materials/Anton SDF - Drop Shadow.mat
  artifactKey: Guid(749b9069dc4742c5bfa5c74644049926) Importer(815301076,1909f56bfc062723c751e8b465ee728b)
Start importing Assets/TextMesh Pro/Examples & Extras/Resources/Fonts & Materials/Anton SDF - Drop Shadow.mat using Guid(749b9069dc4742c5bfa5c74644049926) Importer(815301076,1909f56bfc062723c751e8b465ee728b)  -> (artifact id: 'f3dfeaf971d871007ad47996e1763ae3') in 0.112657 seconds
Number of updated asset objects reloaded before import = 0
Number of asset objects unloaded after import = 2
========================================================================
Received Import Request.
  Time since last request: 93.341726 seconds.
  path: Assets/TextMesh Pro/Examples & Extras/Resources/Fonts & Materials/Anton SDF.asset
  artifactKey: Guid(8a89fa14b10d46a99122fd4f73fca9a2) Importer(815301076,1909f56bfc062723c751e8b465ee728b)
Start importing Assets/TextMesh Pro/Examples & Extras/Resources/Fonts & Materials/Anton SDF.asset using Guid(8a89fa14b10d46a99122fd4f73fca9a2) Importer(815301076,1909f56bfc062723c751e8b465ee728b)  -> (artifact id: '3ecaa4f31aae7a9ae1a7c1d9c741b805') in 0.033529 seconds
Number of updated asset objects reloaded before import = 0
Number of asset objects unloaded after import = 6
========================================================================
Received Import Request.
  Time since last request: 0.000013 seconds.
  path: Assets/TextMesh Pro/Examples & Extras/Resources/Fonts & Materials/Anton SDF - Sunny Days.mat
  artifactKey: Guid(6522f30e342599e4e9dd4cc2cc03c830) Importer(815301076,1909f56bfc062723c751e8b465ee728b)
Start importing Assets/TextMesh Pro/Examples & Extras/Resources/Fonts & Materials/Anton SDF - Sunny Days.mat using Guid(6522f30e342599e4e9dd4cc2cc03c830) Importer(815301076,1909f56bfc062723c751e8b465ee728b)  -> (artifact id: '26b780d703ff8f0483af013d3f9f758a') in 0.020993 seconds
Number of updated asset objects reloaded before import = 0
Number of asset objects unloaded after import = 4
========================================================================
Received Import Request.
  Time since last request: 0.000015 seconds.
  path: Assets/TextMesh Pro/Examples & Extras/Resources/Fonts & Materials/Anton SDF - Outline.mat
  artifactKey: Guid(a00013af81304728b2be1f4309ee2433) Importer(815301076,1909f56bfc062723c751e8b465ee728b)
Start importing Assets/TextMesh Pro/Examples & Extras/Resources/Fonts & Materials/Anton SDF - Outline.mat using Guid(a00013af81304728b2be1f4309ee2433) Importer(815301076,1909f56bfc062723c751e8b465ee728b)  -> (artifact id: 'ee6d00a2d51f9ae690c1cdda1fc6ac20') in 0.020119 seconds
Number of updated asset objects reloaded before import = 0
Number of asset objects unloaded after import = 2
========================================================================
Received Import Request.
  Time since last request: 20.620027 seconds.
  path: Assets/EnemyFolder/LoseScreen.prefab
  artifactKey: Guid(ba895edf6a8c7884eb8a76e5e23bc56c) Importer(815301076,1909f56bfc062723c751e8b465ee728b)
Start importing Assets/EnemyFolder/LoseScreen.prefab using Guid(ba895edf6a8c7884eb8a76e5e23bc56c) Importer(815301076,1909f56bfc062723c751e8b465ee728b)  -> (artifact id: '989622274c21c71687d5c506dd11ae24') in 0.020259 seconds
Number of updated asset objects reloaded before import = 0
Number of asset objects unloaded after import = 42
========================================================================
Received Import Request.
  Time since last request: 6.114398 seconds.
  path: Assets/EnemyFolder/LoseScreen.prefab
  artifactKey: Guid(ba895edf6a8c7884eb8a76e5e23bc56c) Importer(815301076,1909f56bfc062723c751e8b465ee728b)
Start importing Assets/EnemyFolder/LoseScreen.prefab using Guid(ba895edf6a8c7884eb8a76e5e23bc56c) Importer(815301076,1909f56bfc062723c751e8b465ee728b)  -> (artifact id: 'c441ab9133d04f23d94eff4eacb8fa69') in 0.010721 seconds
Number of updated asset objects reloaded before import = 0
Number of asset objects unloaded after import = 42
========================================================================
Received Import Request.
  Time since last request: 6.242388 seconds.
  path: Assets/EnemyFolder/LoseScreen.prefab
  artifactKey: Guid(ba895edf6a8c7884eb8a76e5e23bc56c) Importer(815301076,1909f56bfc062723c751e8b465ee728b)
Start importing Assets/EnemyFolder/LoseScreen.prefab using Guid(ba895edf6a8c7884eb8a76e5e23bc56c) Importer(815301076,1909f56bfc062723c751e8b465ee728b)  -> (artifact id: '26f6c504cff8a6f38d9ab4fa1263a19e') in 0.008075 seconds
Number of updated asset objects reloaded before import = 0
Number of asset objects unloaded after import = 42
========================================================================
Received Import Request.
  Time since last request: 5.861147 seconds.
  path: Assets/EnemyFolder/LoseScreen.prefab
  artifactKey: Guid(ba895edf6a8c7884eb8a76e5e23bc56c) Importer(815301076,1909f56bfc062723c751e8b465ee728b)
Start importing Assets/EnemyFolder/LoseScreen.prefab using Guid(ba895edf6a8c7884eb8a76e5e23bc56c) Importer(815301076,1909f56bfc062723c751e8b465ee728b)  -> (artifact id: '1e53616a01889117647a83c2c3900ce3') in 0.008963 seconds
Number of updated asset objects reloaded before import = 0
Number of asset objects unloaded after import = 42
========================================================================
Received Import Request.
  Time since last request: 5.617925 seconds.
  path: Assets/EnemyFolder/LoseScreen.prefab
  artifactKey: Guid(ba895edf6a8c7884eb8a76e5e23bc56c) Importer(815301076,1909f56bfc062723c751e8b465ee728b)
Start importing Assets/EnemyFolder/LoseScreen.prefab using Guid(ba895edf6a8c7884eb8a76e5e23bc56c) Importer(815301076,1909f56bfc062723c751e8b465ee728b)  -> (artifact id: 'c1a08b69c6e5cf46ef75f1a2c8ff14ec') in 0.008436 seconds
Number of updated asset objects reloaded before import = 0
Number of asset objects unloaded after import = 42
========================================================================
Received Import Request.
  Time since last request: 4.054243 seconds.
  path: Assets/EnemyFolder/LoseScreen.prefab
  artifactKey: Guid(ba895edf6a8c7884eb8a76e5e23bc56c) Importer(815301076,1909f56bfc062723c751e8b465ee728b)
Start importing Assets/EnemyFolder/LoseScreen.prefab using Guid(ba895edf6a8c7884eb8a76e5e23bc56c) Importer(815301076,1909f56bfc062723c751e8b465ee728b)  -> (artifact id: '7ae7fc6fa0bd5f1261f73e55d473bb49') in 0.009015 seconds
Number of updated asset objects reloaded before import = 0
Number of asset objects unloaded after import = 42
========================================================================
Received Import Request.
  Time since last request: 6.042511 seconds.
  path: Assets/EnemyFolder/LoseScreen.prefab
  artifactKey: Guid(ba895edf6a8c7884eb8a76e5e23bc56c) Importer(815301076,1909f56bfc062723c751e8b465ee728b)
Start importing Assets/EnemyFolder/LoseScreen.prefab using Guid(ba895edf6a8c7884eb8a76e5e23bc56c) Importer(815301076,1909f56bfc062723c751e8b465ee728b)  -> (artifact id: '45caa93a4ff6518b43f7bf505a361b80') in 0.008104 seconds
Number of updated asset objects reloaded before import = 0
Number of asset objects unloaded after import = 42
========================================================================
Received Import Request.
  Time since last request: 6.259377 seconds.
  path: Assets/EnemyFolder/LoseScreen.prefab
  artifactKey: Guid(ba895edf6a8c7884eb8a76e5e23bc56c) Importer(815301076,1909f56bfc062723c751e8b465ee728b)
Start importing Assets/EnemyFolder/LoseScreen.prefab using Guid(ba895edf6a8c7884eb8a76e5e23bc56c) Importer(815301076,1909f56bfc062723c751e8b465ee728b)  -> (artifact id: 'c8c0afa8a3cb99bf064496b8adf034a2') in 0.008285 seconds
Number of updated asset objects reloaded before import = 0
Number of asset objects unloaded after import = 42
========================================================================
Received Import Request.
  Time since last request: 2.424045 seconds.
  path: Assets/EnemyFolder/LoseScreen.prefab
  artifactKey: Guid(ba895edf6a8c7884eb8a76e5e23bc56c) Importer(815301076,1909f56bfc062723c751e8b465ee728b)
Start importing Assets/EnemyFolder/LoseScreen.prefab using Guid(ba895edf6a8c7884eb8a76e5e23bc56c) Importer(815301076,1909f56bfc062723c751e8b465ee728b)  -> (artifact id: '03b1f82e122dff72d299317f763720d9') in 0.008850 seconds
Number of updated asset objects reloaded before import = 0
Number of asset objects unloaded after import = 42
========================================================================
Received Import Request.
  Time since last request: 4.213712 seconds.
  path: Assets/EnemyFolder/LoseScreen.prefab
  artifactKey: Guid(ba895edf6a8c7884eb8a76e5e23bc56c) Importer(815301076,1909f56bfc062723c751e8b465ee728b)
Start importing Assets/EnemyFolder/LoseScreen.prefab using Guid(ba895edf6a8c7884eb8a76e5e23bc56c) Importer(815301076,1909f56bfc062723c751e8b465ee728b)  -> (artifact id: '7c5c0acca371118b7d62ec3468f2c8d0') in 0.008181 seconds
Number of updated asset objects reloaded before import = 0
Number of asset objects unloaded after import = 42
========================================================================
Received Import Request.
  Time since last request: 7.658745 seconds.
  path: Assets/EnemyFolder/LoseScreen.prefab
  artifactKey: Guid(ba895edf6a8c7884eb8a76e5e23bc56c) Importer(815301076,1909f56bfc062723c751e8b465ee728b)
Start importing Assets/EnemyFolder/LoseScreen.prefab using Guid(ba895edf6a8c7884eb8a76e5e23bc56c) Importer(815301076,1909f56bfc062723c751e8b465ee728b)  -> (artifact id: '4dd360d1ee5aa36c9ee165d81702d0ff') in 0.008737 seconds
Number of updated asset objects reloaded before import = 0
Number of asset objects unloaded after import = 42
========================================================================
Received Import Request.
  Time since last request: 12.713478 seconds.
  path: Assets/EnemyFolder/LoseScreen.prefab
  artifactKey: Guid(ba895edf6a8c7884eb8a76e5e23bc56c) Importer(815301076,1909f56bfc062723c751e8b465ee728b)
Start importing Assets/EnemyFolder/LoseScreen.prefab using Guid(ba895edf6a8c7884eb8a76e5e23bc56c) Importer(815301076,1909f56bfc062723c751e8b465ee728b)  -> (artifact id: 'baf7f061ab0bfc67a9bb082efaccf611') in 0.008083 seconds
Number of updated asset objects reloaded before import = 0
Number of asset objects unloaded after import = 42
========================================================================
Received Import Request.
  Time since last request: 7.864642 seconds.
  path: Assets/EnemyFolder/LoseScreen.prefab
  artifactKey: Guid(ba895edf6a8c7884eb8a76e5e23bc56c) Importer(815301076,1909f56bfc062723c751e8b465ee728b)
Start importing Assets/EnemyFolder/LoseScreen.prefab using Guid(ba895edf6a8c7884eb8a76e5e23bc56c) Importer(815301076,1909f56bfc062723c751e8b465ee728b)  -> (artifact id: '883e61dc9ad9fe337e1c7a93bfce2d0b') in 0.009104 seconds
Number of updated asset objects reloaded before import = 0
Number of asset objects unloaded after import = 42
========================================================================
Received Import Request.
  Time since last request: 6.601587 seconds.
  path: Assets/Prefabs/WinScreen.prefab
  artifactKey: Guid(af4f798931207b34c81640b67a0bb993) Importer(815301076,1909f56bfc062723c751e8b465ee728b)
Start importing Assets/Prefabs/WinScreen.prefab using Guid(af4f798931207b34c81640b67a0bb993) Importer(815301076,1909f56bfc062723c751e8b465ee728b)  -> (artifact id: '1c738e8276832827745021404f6ad788') in 0.009786 seconds
Number of updated asset objects reloaded before import = 0
Number of asset objects unloaded after import = 42
========================================================================
Received Import Request.
  Time since last request: 8.944075 seconds.
  path: Assets/Prefabs/WinScreen.prefab
  artifactKey: Guid(af4f798931207b34c81640b67a0bb993) Importer(815301076,1909f56bfc062723c751e8b465ee728b)
Start importing Assets/Prefabs/WinScreen.prefab using Guid(af4f798931207b34c81640b67a0bb993) Importer(815301076,1909f56bfc062723c751e8b465ee728b)  -> (artifact id: '2796f63329c627fc7d3d8dfd368f3193') in 0.008868 seconds
Number of updated asset objects reloaded before import = 0
Number of asset objects unloaded after import = 42
========================================================================
Received Import Request.
  Time since last request: 2.234880 seconds.
  path: Assets/Prefabs/WinScreen.prefab
  artifactKey: Guid(af4f798931207b34c81640b67a0bb993) Importer(815301076,1909f56bfc062723c751e8b465ee728b)
Start importing Assets/Prefabs/WinScreen.prefab using Guid(af4f798931207b34c81640b67a0bb993) Importer(815301076,1909f56bfc062723c751e8b465ee728b)  -> (artifact id: '0866871691b816e5703506c151a01984') in 0.008098 seconds
Number of updated asset objects reloaded before import = 0
Number of asset objects unloaded after import = 42
========================================================================
Received Import Request.
  Time since last request: 7.705484 seconds.
  path: Assets/Prefabs/WinScreen.prefab
  artifactKey: Guid(af4f798931207b34c81640b67a0bb993) Importer(815301076,1909f56bfc062723c751e8b465ee728b)
Start importing Assets/Prefabs/WinScreen.prefab using Guid(af4f798931207b34c81640b67a0bb993) Importer(815301076,1909f56bfc062723c751e8b465ee728b)  -> (artifact id: '4ce7daf414dfdc94fd35f7621ae4a40f') in 0.008389 seconds
Number of updated asset objects reloaded before import = 0
Number of asset objects unloaded after import = 42
